---------------------------------------------------------------
[ 2018-06-25T11:57:04+08:00 ] 127.0.0.1 POST /admin/index/clear_cache
[ info ] 127.0.0.5/admin/index/clear_cache [运行时间：0.115749s][吞吐率：8.64req/s] [内存消耗：2,821.83kb] [文件加载：90]
[ info ] [ LANG ] E:\www-web\ThinkPHP_CMS\thinkphp\lang\zh-cn.php
[ info ] [ LANG ] E:\www-web\ThinkPHP_CMS\application\admin\\lang\zh-cn.php
[ info ] [ ROUTE ] array (
)
[ info ] [ HEADER ] array (
  'cookie' => 'PHPSESSID=kg2ptj6mdouh095e7521qclf80',
  'accept-language' => 'zh-CN,zh;q=0.9',
  'accept-encoding' => 'gzip, deflate, br',
  'referer' => 'http://127.0.0.5/admin/index/index',
  'user-agent' => 'Mozilla/5.0 (Windows NT 10.0; WOW64) AppleWebKit/537.36 (KHTML, like Gecko) Chrome/63.0.3239.132 Safari/537.36',
  'x-requested-with' => 'XMLHttpRequest',
  'origin' => 'http://127.0.0.5',
  'accept' => '*/*',
  'content-length' => '0',
  'connection' => 'close',
  'host' => '127.0.0.5',
)
[ info ] [ PARAM ] array (
  '/admin/index/clear_cache' => '',
)
[ info ] [ DB ] INIT mysql
[ sql ] [ DB ] CONNECT:[ UseTime:0.000961s ] mysql:host=127.0.0.1;dbname=thinkphp_cms;charset=utf8
[ sql ] [ SQL ] SHOW COLUMNS FROM `cms_system` [ RunTime:0.015086s ]
[ sql ] [ SQL ] SELECT * FROM `cms_system` LIMIT 1 [ RunTime:0.000433s ]
[ sql ] [ SQL ] SHOW COLUMNS FROM `cms_rule` [ RunTime:0.015234s ]
[ sql ] [ SQL ] SELECT * FROM `cms_rule` WHERE  `name` = 'admin/Index' LIMIT 1 [ RunTime:0.000472s ]
[ sql ] [ SQL ] SELECT * FROM `cms_rule` WHERE  `name` = 'admin/Index/clear_cache' LIMIT 1 [ RunTime:0.000456s ]
---------------------------------------------------------------
[ 2018-06-25T16:35:05+08:00 ] 127.0.0.1 GET /admin/auth/rule_index
[ info ] 127.0.0.5/admin/auth/rule_index [运行时间：0.215213s][吞吐率：4.65req/s] [内存消耗：3,211.70kb] [文件加载：100]
[ info ] [ LANG ] E:\www-web\ThinkPHP_CMS\thinkphp\lang\zh-cn.php
[ info ] [ LANG ] E:\www-web\ThinkPHP_CMS\application\admin\\lang\zh-cn.php
[ info ] [ ROUTE ] array (
)
[ info ] [ HEADER ] array (
  'cookie' => 'PHPSESSID=nopeh45tjpk2l33c8ko0mmh5b0',
  'accept-language' => 'zh-CN,zh;q=0.9',
  'accept-encoding' => 'gzip, deflate, br',
  'referer' => 'http://127.0.0.5/admin/auth/rule_index?page=1',
  'accept' => 'text/html,application/xhtml+xml,application/xml;q=0.9,image/webp,image/apng,*/*;q=0.8',
  'user-agent' => 'Mozilla/5.0 (Windows NT 10.0; WOW64) AppleWebKit/537.36 (KHTML, like Gecko) Chrome/66.0.3359.139 Safari/537.36',
  'upgrade-insecure-requests' => '1',
  'connection' => 'close',
  'host' => '127.0.0.5',
)
[ info ] [ PARAM ] array (
  '/admin/auth/rule_index' => '',
)
[ info ] [ DB ] INIT mysql
[ info ] [ VIEW ] E:\www-web\ThinkPHP_CMS\application\admin\view\auth\rule_index.html [ array (
  0 => 'system',
  1 => 'controller_name',
  2 => 'action_name',
  3 => 'menu',
  4 => 'menu_arr',
  5 => 'rule_arr',
  6 => 'info',
  7 => 'display',
  8 => 'current',
) ]
[ sql ] [ DB ] CONNECT:[ UseTime:0.003911s ] mysql:host=127.0.0.1;dbname=thinkphp_cms;charset=utf8
[ sql ] [ SQL ] SHOW COLUMNS FROM `cms_system` [ RunTime:0.022309s ]
[ sql ] [ SQL ] SELECT * FROM `cms_system` LIMIT 1 [ RunTime:0.000573s ]
[ sql ] [ SQL ] SHOW COLUMNS FROM `cms_rule` [ RunTime:0.020812s ]
[ sql ] [ SQL ] SELECT * FROM `cms_rule` WHERE  `name` = 'admin/Auth' LIMIT 1 [ RunTime:0.000815s ]
[ sql ] [ SQL ] SELECT * FROM `cms_rule` WHERE  `name` = 'admin/Auth/rule_index' LIMIT 1 [ RunTime:0.000486s ]
[ sql ] [ SQL ] SELECT * FROM `cms_rule` WHERE  `is_visible` = 1  AND `p_id` = 0 ORDER BY `show_order` DESC [ RunTime:0.001124s ]
[ sql ] [ SQL ] SELECT * FROM `cms_rule` WHERE  `is_visible` = 1  AND `p_id` = 41 [ RunTime:0.000584s ]
[ sql ] [ SQL ] SELECT * FROM `cms_rule` WHERE  `is_visible` = 1  AND `p_id` = 27 [ RunTime:0.000825s ]
[ sql ] [ SQL ] SELECT * FROM `cms_rule` WHERE  `is_visible` = 1  AND `p_id` = 19 [ RunTime:0.000656s ]
[ sql ] [ SQL ] SELECT * FROM `cms_rule` WHERE  `is_visible` = 1  AND `p_id` = 17 [ RunTime:0.000511s ]
[ sql ] [ SQL ] SELECT * FROM `cms_rule` WHERE  `is_visible` = 1  AND `p_id` = 10 [ RunTime:0.000737s ]
[ sql ] [ SQL ] SELECT * FROM `cms_rule` WHERE  `is_visible` = 1  AND `p_id` = 1 [ RunTime:0.000551s ]
[ sql ] [ SQL ] SHOW COLUMNS FROM `cms_group_access` [ RunTime:0.023250s ]
[ sql ] [ SQL ] SELECT * FROM `cms_group_access` WHERE  `uid` = 1 LIMIT 1 [ RunTime:0.000642s ]
[ sql ] [ SQL ] SHOW COLUMNS FROM `cms_group` [ RunTime:0.025894s ]
[ sql ] [ SQL ] SELECT * FROM `cms_group` WHERE  `id` = 1 LIMIT 1 [ RunTime:0.000448s ]
[ sql ] [ SQL ] SELECT * FROM `cms_group_access` `a` INNER JOIN `cms_group` `g` ON `a`.`group_id`=`g`.`id` WHERE  ( a.uid='1' and g.status='1' ) [ RunTime:0.000609s ]
[ sql ] [ SQL ] SELECT * FROM `cms_rule` WHERE  `type` = 1  AND `status` = 1  AND `id` IN (2,3,4,5,6,7,8,9,11,12,13,14,15,16,18,25,26,52,53,54,55,20,21,22,23,24,45,46,47,48,49,50,51,28,29,30,31,32,33,34,35,37,38,39,40,42,43,44) [ RunTime:0.000730s ]
[ sql ] [ SQL ] SELECT COUNT(*) AS tp_count FROM `cms_rule` WHERE  `p_id` = 0 LIMIT 1 [ RunTime:0.001688s ]
[ sql ] [ SQL ] SELECT * FROM `cms_rule` WHERE  `p_id` = 0 ORDER BY `id` DESC LIMIT 0,2 [ RunTime:0.000526s ]
[ sql ] [ SQL ] SELECT * FROM `cms_rule` WHERE  `p_id` = 41 [ RunTime:0.000389s ]
[ sql ] [ SQL ] SELECT * FROM `cms_rule` WHERE  `p_id` = 36 [ RunTime:0.000420s ]
---------------------------------------------------------------
[ 2018-06-25T16:35:17+08:00 ] 127.0.0.1 GET /admin/auth/rule_index
[ info ] 127.0.0.5/admin/auth/rule_index [运行时间：0.258788s][吞吐率：3.86req/s] [内存消耗：3,057.18kb] [文件加载：98]
[ info ] [ LANG ] E:\www-web\ThinkPHP_CMS\thinkphp\lang\zh-cn.php
[ info ] [ LANG ] E:\www-web\ThinkPHP_CMS\application\admin\\lang\zh-cn.php
[ info ] [ ROUTE ] array (
)
[ info ] [ HEADER ] array (
  'cookie' => 'PHPSESSID=nopeh45tjpk2l33c8ko0mmh5b0',
  'accept-language' => 'zh-CN,zh;q=0.9',
  'accept-encoding' => 'gzip, deflate, br',
  'accept' => 'text/html,application/xhtml+xml,application/xml;q=0.9,image/webp,image/apng,*/*;q=0.8',
  'user-agent' => 'Mozilla/5.0 (Windows NT 10.0; WOW64) AppleWebKit/537.36 (KHTML, like Gecko) Chrome/66.0.3359.139 Safari/537.36',
  'upgrade-insecure-requests' => '1',
  'connection' => 'close',
  'host' => '127.0.0.5',
)
[ info ] [ PARAM ] array (
  '/admin/auth/rule_index' => '',
)
[ info ] [ DB ] INIT mysql
[ info ] [ VIEW ] E:\www-web\ThinkPHP_CMS\application\admin\view\auth\rule_index.html [ array (
  0 => 'system',
  1 => 'controller_name',
  2 => 'action_name',
  3 => 'menu',
  4 => 'menu_arr',
  5 => 'rule_arr',
  6 => 'info',
  7 => 'display',
  8 => 'current',
) ]
[ sql ] [ DB ] CONNECT:[ UseTime:0.001095s ] mysql:host=127.0.0.1;dbname=thinkphp_cms;charset=utf8
[ sql ] [ SQL ] SHOW COLUMNS FROM `cms_system` [ RunTime:0.042836s ]
[ sql ] [ SQL ] SELECT * FROM `cms_system` LIMIT 1 [ RunTime:0.000668s ]
[ sql ] [ SQL ] SHOW COLUMNS FROM `cms_rule` [ RunTime:0.033359s ]
[ sql ] [ SQL ] SELECT * FROM `cms_rule` WHERE  `name` = 'admin/Auth' LIMIT 1 [ RunTime:0.001265s ]
[ sql ] [ SQL ] SELECT * FROM `cms_rule` WHERE  `name` = 'admin/Auth/rule_index' LIMIT 1 [ RunTime:0.000931s ]
[ sql ] [ SQL ] SHOW COLUMNS FROM `cms_group_access` [ RunTime:0.032787s ]
[ sql ] [ SQL ] SELECT * FROM `cms_group_access` `a` INNER JOIN `cms_group` `g` ON `a`.`group_id`=`g`.`id` WHERE  ( a.uid='1' and g.status='1' ) [ RunTime:0.000636s ]
[ sql ] [ SQL ] SELECT * FROM `cms_rule` WHERE  `type` = 1  AND `status` = 1  AND `id` IN (2,3,4,5,6,7,8,9,11,12,13,14,15,16,18,25,26,52,53,54,55,20,21,22,23,24,45,46,47,48,49,50,51,28,29,30,31,32,33,34,35,37,38,39,40,42,43,44) [ RunTime:0.000957s ]
[ sql ] [ SQL ] SELECT COUNT(*) AS tp_count FROM `cms_rule` WHERE  `p_id` = 0 LIMIT 1 [ RunTime:0.001638s ]
[ sql ] [ SQL ] SELECT * FROM `cms_rule` WHERE  `p_id` = 0 ORDER BY `id` DESC LIMIT 0,2 [ RunTime:0.002111s ]
[ sql ] [ SQL ] SELECT * FROM `cms_rule` WHERE  `p_id` = 41 [ RunTime:0.001030s ]
[ sql ] [ SQL ] SELECT * FROM `cms_rule` WHERE  `p_id` = 36 [ RunTime:0.000820s ]
---------------------------------------------------------------
[ 2018-06-25T16:35:17+08:00 ] 127.0.0.1 GET /admin/auth/rule_index
[ info ] 127.0.0.5/admin/auth/rule_index [运行时间：0.254130s][吞吐率：3.93req/s] [内存消耗：3,057.18kb] [文件加载：98]
[ info ] [ LANG ] E:\www-web\ThinkPHP_CMS\thinkphp\lang\zh-cn.php
[ info ] [ LANG ] E:\www-web\ThinkPHP_CMS\application\admin\\lang\zh-cn.php
[ info ] [ ROUTE ] array (
)
[ info ] [ HEADER ] array (
  'cookie' => 'PHPSESSID=nopeh45tjpk2l33c8ko0mmh5b0',
  'accept-language' => 'zh-CN,zh;q=0.9',
  'accept-encoding' => 'gzip, deflate, br',
  'accept' => 'text/html,application/xhtml+xml,application/xml;q=0.9,image/webp,image/apng,*/*;q=0.8',
  'user-agent' => 'Mozilla/5.0 (Windows NT 10.0; WOW64) AppleWebKit/537.36 (KHTML, like Gecko) Chrome/66.0.3359.139 Safari/537.36',
  'upgrade-insecure-requests' => '1',
  'connection' => 'close',
  'host' => '127.0.0.5',
)
[ info ] [ PARAM ] array (
  '/admin/auth/rule_index' => '',
)
[ info ] [ DB ] INIT mysql
[ info ] [ VIEW ] E:\www-web\ThinkPHP_CMS\application\admin\view\auth\rule_index.html [ array (
  0 => 'system',
  1 => 'controller_name',
  2 => 'action_name',
  3 => 'menu',
  4 => 'menu_arr',
  5 => 'rule_arr',
  6 => 'info',
  7 => 'display',
  8 => 'current',
) ]
[ sql ] [ DB ] CONNECT:[ UseTime:0.002056s ] mysql:host=127.0.0.1;dbname=thinkphp_cms;charset=utf8
[ sql ] [ SQL ] SHOW COLUMNS FROM `cms_system` [ RunTime:0.029179s ]
[ sql ] [ SQL ] SELECT * FROM `cms_system` LIMIT 1 [ RunTime:0.000798s ]
[ sql ] [ SQL ] SHOW COLUMNS FROM `cms_rule` [ RunTime:0.035293s ]
[ sql ] [ SQL ] SELECT * FROM `cms_rule` WHERE  `name` = 'admin/Auth' LIMIT 1 [ RunTime:0.000656s ]
[ sql ] [ SQL ] SELECT * FROM `cms_rule` WHERE  `name` = 'admin/Auth/rule_index' LIMIT 1 [ RunTime:0.000465s ]
[ sql ] [ SQL ] SHOW COLUMNS FROM `cms_group_access` [ RunTime:0.036879s ]
[ sql ] [ SQL ] SELECT * FROM `cms_group_access` `a` INNER JOIN `cms_group` `g` ON `a`.`group_id`=`g`.`id` WHERE  ( a.uid='1' and g.status='1' ) [ RunTime:0.000654s ]
[ sql ] [ SQL ] SELECT * FROM `cms_rule` WHERE  `type` = 1  AND `status` = 1  AND `id` IN (2,3,4,5,6,7,8,9,11,12,13,14,15,16,18,25,26,52,53,54,55,20,21,22,23,24,45,46,47,48,49,50,51,28,29,30,31,32,33,34,35,37,38,39,40,42,43,44) [ RunTime:0.000822s ]
[ sql ] [ SQL ] SELECT COUNT(*) AS tp_count FROM `cms_rule` WHERE  `p_id` = 0 LIMIT 1 [ RunTime:0.001996s ]
[ sql ] [ SQL ] SELECT * FROM `cms_rule` WHERE  `p_id` = 0 ORDER BY `id` DESC LIMIT 0,2 [ RunTime:0.003505s ]
[ sql ] [ SQL ] SELECT * FROM `cms_rule` WHERE  `p_id` = 41 [ RunTime:0.001148s ]
[ sql ] [ SQL ] SELECT * FROM `cms_rule` WHERE  `p_id` = 36 [ RunTime:0.001526s ]
