---------------------------------------------------------------
[ 2018-07-05T15:51:32+08:00 ] 127.0.0.1 POST /admin/index/clear_cache
[ info ] 127.0.0.5/admin/index/clear_cache [运行时间：0.132444s][吞吐率：7.55req/s] [内存消耗：2,827.21kb] [文件加载：90]
[ info ] [ LANG ] E:\www-web\ThinkPHP_CMS\thinkphp\lang\zh-cn.php
[ info ] [ LANG ] E:\www-web\ThinkPHP_CMS\application\admin\\lang\zh-cn.php
[ info ] [ ROUTE ] array (
)
[ info ] [ HEADER ] array (
  'cookie' => 'bdshare_firstime=1530517018014; PHPSESSID=j684tkhc8l5aj2df456r4vsfd2',
  'accept-language' => 'zh-CN,zh;q=0.9',
  'accept-encoding' => 'gzip, deflate, br',
  'referer' => 'http://127.0.0.5/admin/auth/group_index',
  'user-agent' => 'Mozilla/5.0 (Windows NT 10.0; WOW64) AppleWebKit/537.36 (KHTML, like Gecko) Chrome/66.0.3359.139 Safari/537.36',
  'x-requested-with' => 'XMLHttpRequest',
  'origin' => 'http://127.0.0.5',
  'accept' => '*/*',
  'content-length' => '0',
  'connection' => 'close',
  'host' => '127.0.0.5',
)
[ info ] [ PARAM ] array (
  '/admin/index/clear_cache' => '',
)
[ info ] [ DB ] INIT mysql
[ sql ] [ DB ] CONNECT:[ UseTime:0.000985s ] mysql:host=127.0.0.1;dbname=thinkphp_cms;charset=utf8
[ sql ] [ SQL ] SHOW COLUMNS FROM `cms_system` [ RunTime:0.016162s ]
[ sql ] [ SQL ] SELECT * FROM `cms_system` LIMIT 1 [ RunTime:0.000470s ]
[ sql ] [ SQL ] SHOW COLUMNS FROM `cms_rule` [ RunTime:0.015815s ]
[ sql ] [ SQL ] SELECT * FROM `cms_rule` WHERE  `name` = 'admin/Index' LIMIT 1 [ RunTime:0.000493s ]
[ sql ] [ SQL ] SELECT * FROM `cms_rule` WHERE  `name` = 'admin/Index/clear_cache' LIMIT 1 [ RunTime:0.000421s ]
---------------------------------------------------------------
[ 2018-07-05T15:51:34+08:00 ] 127.0.0.1 GET /admin/auth/group_index
[ info ] 127.0.0.5/admin/auth/group_index [运行时间：0.180645s][吞吐率：5.54req/s] [内存消耗：3,188.70kb] [文件加载：100]
[ info ] [ LANG ] E:\www-web\ThinkPHP_CMS\thinkphp\lang\zh-cn.php
[ info ] [ LANG ] E:\www-web\ThinkPHP_CMS\application\admin\\lang\zh-cn.php
[ info ] [ ROUTE ] array (
)
[ info ] [ HEADER ] array (
  'cookie' => 'bdshare_firstime=1530517018014; PHPSESSID=j684tkhc8l5aj2df456r4vsfd2',
  'accept-language' => 'zh-CN,zh;q=0.9',
  'accept-encoding' => 'gzip, deflate, br',
  'referer' => 'http://127.0.0.5/admin/auth/group_index',
  'accept' => 'text/html,application/xhtml+xml,application/xml;q=0.9,image/webp,image/apng,*/*;q=0.8',
  'user-agent' => 'Mozilla/5.0 (Windows NT 10.0; WOW64) AppleWebKit/537.36 (KHTML, like Gecko) Chrome/66.0.3359.139 Safari/537.36',
  'upgrade-insecure-requests' => '1',
  'cache-control' => 'max-age=0',
  'connection' => 'close',
  'host' => '127.0.0.5',
)
[ info ] [ PARAM ] array (
  '/admin/auth/group_index' => '',
)
[ info ] [ DB ] INIT mysql
[ info ] [ VIEW ] E:\www-web\ThinkPHP_CMS\application\admin\view\auth\group_index.html [ array (
  0 => 'system',
  1 => 'controller_name',
  2 => 'action_name',
  3 => 'menu',
  4 => 'menu_arr',
  5 => 'rule_arr',
  6 => 'display',
  7 => 'current',
  8 => 'info',
) ]
[ sql ] [ DB ] CONNECT:[ UseTime:0.000812s ] mysql:host=127.0.0.1;dbname=thinkphp_cms;charset=utf8
[ sql ] [ SQL ] SHOW COLUMNS FROM `cms_system` [ RunTime:0.018678s ]
[ sql ] [ SQL ] SELECT * FROM `cms_system` LIMIT 1 [ RunTime:0.000436s ]
[ sql ] [ SQL ] SHOW COLUMNS FROM `cms_rule` [ RunTime:0.020655s ]
[ sql ] [ SQL ] SELECT * FROM `cms_rule` WHERE  `name` = 'admin/Auth' LIMIT 1 [ RunTime:0.000633s ]
[ sql ] [ SQL ] SELECT * FROM `cms_rule` WHERE  `name` = 'admin/Auth/group_index' LIMIT 1 [ RunTime:0.000454s ]
[ sql ] [ SQL ] SELECT * FROM `cms_rule` WHERE  `is_visible` = 1  AND `p_id` = 0 ORDER BY `show_order` DESC [ RunTime:0.000812s ]
[ sql ] [ SQL ] SELECT * FROM `cms_rule` WHERE  `is_visible` = 1  AND `p_id` = 41 [ RunTime:0.000700s ]
[ sql ] [ SQL ] SELECT * FROM `cms_rule` WHERE  `is_visible` = 1  AND `p_id` = 56 [ RunTime:0.000539s ]
[ sql ] [ SQL ] SELECT * FROM `cms_rule` WHERE  `is_visible` = 1  AND `p_id` = 27 [ RunTime:0.000556s ]
[ sql ] [ SQL ] SELECT * FROM `cms_rule` WHERE  `is_visible` = 1  AND `p_id` = 19 [ RunTime:0.000648s ]
[ sql ] [ SQL ] SELECT * FROM `cms_rule` WHERE  `is_visible` = 1  AND `p_id` = 17 [ RunTime:0.000581s ]
[ sql ] [ SQL ] SELECT * FROM `cms_rule` WHERE  `is_visible` = 1  AND `p_id` = 10 [ RunTime:0.000900s ]
[ sql ] [ SQL ] SELECT * FROM `cms_rule` WHERE  `is_visible` = 1  AND `p_id` = 1 [ RunTime:0.000695s ]
[ sql ] [ SQL ] SHOW COLUMNS FROM `cms_group_access` [ RunTime:0.016757s ]
[ sql ] [ SQL ] SELECT * FROM `cms_group_access` WHERE  `uid` = 1 LIMIT 1 [ RunTime:0.000510s ]
[ sql ] [ SQL ] SHOW COLUMNS FROM `cms_group` [ RunTime:0.017318s ]
[ sql ] [ SQL ] SELECT * FROM `cms_group` WHERE  `id` = 1 LIMIT 1 [ RunTime:0.000418s ]
[ sql ] [ SQL ] SELECT * FROM `cms_group_access` `a` INNER JOIN `cms_group` `g` ON `a`.`group_id`=`g`.`id` WHERE  ( a.uid='1' and g.status='1' ) [ RunTime:0.000479s ]
[ sql ] [ SQL ] SELECT * FROM `cms_rule` WHERE  `type` = 1  AND `status` = 1  AND `id` IN (2,3,4,5,6,7,8,9,11,12,13,14,15,16,18,25,26,52,53,54,55,20,21,22,23,24,45,46,47,48,49,50,51,28,29,30,31,32,33,34,35,37,38,39,40,42,43,44,57,58,59,60) [ RunTime:0.000686s ]
[ sql ] [ SQL ] SELECT COUNT(*) AS tp_count FROM `cms_group` LIMIT 1 [ RunTime:0.000510s ]
[ sql ] [ SQL ] SELECT * FROM `cms_group` ORDER BY `id` ASC LIMIT 0,10 [ RunTime:0.000437s ]
