---------------------------------------------------------------
[ 2018-07-06T15:25:33+08:00 ] 127.0.0.1 GET /admin/news/news
[ info ] 127.0.0.5/admin/news/news [运行时间：0.102348s][吞吐率：9.77req/s] [内存消耗：1,658.04kb] [文件加载：74]
[ info ] [ LANG ] E:\www-web\ThinkPHP_CMS\thinkphp\lang\zh-cn.php
[ info ] [ LANG ] E:\www-web\ThinkPHP_CMS\application\admin\\lang\zh-cn.php
[ info ] [ ROUTE ] array (
)
[ info ] [ HEADER ] array (
  'cookie' => 'bdshare_firstime=1530517018014',
  'accept-language' => 'zh-CN,zh;q=0.9',
  'accept-encoding' => 'gzip, deflate, br',
  'accept' => 'text/html,application/xhtml+xml,application/xml;q=0.9,image/webp,image/apng,*/*;q=0.8',
  'user-agent' => 'Mozilla/5.0 (Windows NT 10.0; WOW64) AppleWebKit/537.36 (KHTML, like Gecko) Chrome/66.0.3359.139 Safari/537.36',
  'upgrade-insecure-requests' => '1',
  'connection' => 'close',
  'host' => '127.0.0.5',
)
[ info ] [ PARAM ] array (
  '/admin/news/news' => '',
)
---------------------------------------------------------------
[ 2018-07-06T15:25:33+08:00 ] 127.0.0.1 GET /admin/login/login
[ info ] 127.0.0.5/admin/login/login [运行时间：0.248327s][吞吐率：4.03req/s] [内存消耗：2,618.45kb] [文件加载：86]
[ info ] [ LANG ] E:\www-web\ThinkPHP_CMS\thinkphp\lang\zh-cn.php
[ info ] [ LANG ] E:\www-web\ThinkPHP_CMS\application\admin\\lang\zh-cn.php
[ info ] [ ROUTE ] array (
)
[ info ] [ HEADER ] array (
  'cookie' => 'bdshare_firstime=1530517018014; PHPSESSID=6rt606mifiu2n2vfo7itfva8a2',
  'accept-language' => 'zh-CN,zh;q=0.9',
  'accept-encoding' => 'gzip, deflate, br',
  'accept' => 'text/html,application/xhtml+xml,application/xml;q=0.9,image/webp,image/apng,*/*;q=0.8',
  'user-agent' => 'Mozilla/5.0 (Windows NT 10.0; WOW64) AppleWebKit/537.36 (KHTML, like Gecko) Chrome/66.0.3359.139 Safari/537.36',
  'upgrade-insecure-requests' => '1',
  'connection' => 'close',
  'host' => '127.0.0.5',
)
[ info ] [ PARAM ] array (
  '/admin/login/login' => '',
)
[ info ] [ DB ] INIT mysql
[ info ] [ VIEW ] E:\www-web\ThinkPHP_CMS\application\admin\view\login\login.html [ array (
  0 => 'system',
) ]
[ sql ] [ DB ] CONNECT:[ UseTime:0.000944s ] mysql:host=127.0.0.1;dbname=thinkphp_cms;charset=utf8
[ sql ] [ SQL ] SHOW COLUMNS FROM `cms_system` [ RunTime:0.052146s ]
[ sql ] [ SQL ] SELECT * FROM `cms_system` LIMIT 1 [ RunTime:0.000446s ]
---------------------------------------------------------------
[ 2018-07-06T15:25:33+08:00 ] 127.0.0.1 GET /captcha
[ info ] 127.0.0.5/captcha [运行时间：0.071069s][吞吐率：14.07req/s] [内存消耗：1,182.96kb] [文件加载：56]
[ info ] [ LANG ] E:\www-web\ThinkPHP_CMS\thinkphp\lang\zh-cn.php
[ info ] [ ROUTE ] array (
  'rule' => 'captcha/<id?>',
  'route' => '\\think\\captcha\\CaptchaController@index',
  'option' => 
  array (
    'merge_rule_regex' => false,
  ),
  'var' => 
  array (
  ),
)
[ info ] [ HEADER ] array (
  'cookie' => 'bdshare_firstime=1530517018014; PHPSESSID=6rt606mifiu2n2vfo7itfva8a2',
  'accept-language' => 'zh-CN,zh;q=0.9',
  'accept-encoding' => 'gzip, deflate, br',
  'referer' => 'http://127.0.0.5/admin/login/login',
  'accept' => 'image/webp,image/apng,image/*,*/*;q=0.8',
  'user-agent' => 'Mozilla/5.0 (Windows NT 10.0; WOW64) AppleWebKit/537.36 (KHTML, like Gecko) Chrome/66.0.3359.139 Safari/537.36',
  'connection' => 'close',
  'host' => '127.0.0.5',
)
[ info ] [ PARAM ] array (
  '/captcha' => '',
)
---------------------------------------------------------------
[ 2018-07-06T15:25:41+08:00 ] 127.0.0.1 POST /admin/login/login_do
[ info ] 127.0.0.5/admin/login/login_do [运行时间：0.236257s][吞吐率：4.23req/s] [内存消耗：2,662.19kb] [文件加载：87]
[ info ] [ LANG ] E:\www-web\ThinkPHP_CMS\thinkphp\lang\zh-cn.php
[ info ] [ LANG ] E:\www-web\ThinkPHP_CMS\application\admin\\lang\zh-cn.php
[ info ] [ ROUTE ] array (
)
[ info ] [ HEADER ] array (
  'cookie' => 'bdshare_firstime=1530517018014; PHPSESSID=6rt606mifiu2n2vfo7itfva8a2',
  'accept-language' => 'zh-CN,zh;q=0.9',
  'accept-encoding' => 'gzip, deflate, br',
  'referer' => 'http://127.0.0.5/admin/login/login',
  'content-type' => 'application/x-www-form-urlencoded; charset=UTF-8',
  'user-agent' => 'Mozilla/5.0 (Windows NT 10.0; WOW64) AppleWebKit/537.36 (KHTML, like Gecko) Chrome/66.0.3359.139 Safari/537.36',
  'x-requested-with' => 'XMLHttpRequest',
  'origin' => 'http://127.0.0.5',
  'accept' => '*/*',
  'content-length' => '39',
  'connection' => 'close',
  'host' => '127.0.0.5',
)
[ info ] [ PARAM ] array (
  '/admin/login/login_do' => '',
  'username' => 'admin',
  'password' => '123',
  'verify' => '4kyf',
)
[ info ] [ DB ] INIT mysql
[ sql ] [ DB ] CONNECT:[ UseTime:0.000867s ] mysql:host=127.0.0.1;dbname=thinkphp_cms;charset=utf8
[ sql ] [ SQL ] SHOW COLUMNS FROM `cms_admin` [ RunTime:0.061353s ]
[ sql ] [ SQL ] SELECT * FROM `cms_admin` WHERE  `password` = '202cb962ac59075b964b07152d234b70'  AND `username` = 'admin' LIMIT 1 [ RunTime:0.000550s ]
[ sql ] [ SQL ] SELECT * FROM `cms_admin` WHERE  `id` = 1 LIMIT 1 [ RunTime:0.000379s ]
[ sql ] [ SQL ] UPDATE `cms_admin`  SET `unique_id` = 15929 , `last_time` = '2018-07-06 15:25:41' , `login_count` = 35  WHERE  `id` = 1 [ RunTime:0.024200s ]
[ sql ] [ SQL ] SELECT * FROM `cms_admin` WHERE  `id` = 1 LIMIT 1 [ RunTime:0.000460s ]
[ sql ] [ SQL ] SHOW COLUMNS FROM `cms_log` [ RunTime:0.051335s ]
[ sql ] [ SQL ] INSERT INTO `cms_log` (`name` , `title` , `type` , `ip` , `browser` , `time`) VALUES ('admin' , '登陆系统' , '登陆' , '127.0.0.1' , 'Mozilla/5.0 (Windows NT 10.0; WOW64) AppleWebKit/537.36 (KHTML, like Gecko) Chrome/66.0.3359.139 Safari/537.36' , '2018-07-06 15:25:41') [ RunTime:0.031298s ]
---------------------------------------------------------------
[ 2018-07-06T15:25:42+08:00 ] 127.0.0.1 GET /admin/index/index
[ info ] 127.0.0.5/admin/index/index [运行时间：0.277545s][吞吐率：3.60req/s] [内存消耗：3,079.63kb] [文件加载：95]
[ info ] [ LANG ] E:\www-web\ThinkPHP_CMS\thinkphp\lang\zh-cn.php
[ info ] [ LANG ] E:\www-web\ThinkPHP_CMS\application\admin\\lang\zh-cn.php
[ info ] [ ROUTE ] array (
)
[ info ] [ HEADER ] array (
  'cookie' => 'bdshare_firstime=1530517018014; PHPSESSID=6rt606mifiu2n2vfo7itfva8a2',
  'accept-language' => 'zh-CN,zh;q=0.9',
  'accept-encoding' => 'gzip, deflate, br',
  'referer' => 'http://127.0.0.5/admin/login/login',
  'accept' => 'text/html,application/xhtml+xml,application/xml;q=0.9,image/webp,image/apng,*/*;q=0.8',
  'user-agent' => 'Mozilla/5.0 (Windows NT 10.0; WOW64) AppleWebKit/537.36 (KHTML, like Gecko) Chrome/66.0.3359.139 Safari/537.36',
  'upgrade-insecure-requests' => '1',
  'connection' => 'close',
  'host' => '127.0.0.5',
)
[ info ] [ PARAM ] array (
  '/admin/index/index' => '',
)
[ info ] [ DB ] INIT mysql
[ info ] [ VIEW ] E:\www-web\ThinkPHP_CMS\application\admin\view\index\index.html [ array (
  0 => 'system',
  1 => 'controller_name',
  2 => 'action_name',
  3 => 'menu',
  4 => 'menu_arr',
  5 => 'rule_arr',
  6 => 'display',
  7 => 'config',
) ]
[ sql ] [ DB ] CONNECT:[ UseTime:0.000834s ] mysql:host=127.0.0.1;dbname=thinkphp_cms;charset=utf8
[ sql ] [ SQL ] SHOW COLUMNS FROM `cms_system` [ RunTime:0.023214s ]
[ sql ] [ SQL ] SELECT * FROM `cms_system` LIMIT 1 [ RunTime:0.000418s ]
[ sql ] [ SQL ] SHOW COLUMNS FROM `cms_rule` [ RunTime:0.043568s ]
[ sql ] [ SQL ] SELECT * FROM `cms_rule` WHERE  `name` = 'admin/Index' LIMIT 1 [ RunTime:0.000501s ]
[ sql ] [ SQL ] SELECT * FROM `cms_rule` WHERE  `name` = 'admin/Index/index' LIMIT 1 [ RunTime:0.000474s ]
[ sql ] [ SQL ] SELECT * FROM `cms_rule` WHERE  `is_visible` = 1  AND `p_id` = 0 ORDER BY `show_order` DESC [ RunTime:0.000542s ]
[ sql ] [ SQL ] SELECT * FROM `cms_rule` WHERE  `is_visible` = 1  AND `p_id` = 41 [ RunTime:0.001034s ]
[ sql ] [ SQL ] SELECT * FROM `cms_rule` WHERE  `is_visible` = 1  AND `p_id` = 56 [ RunTime:0.000881s ]
[ sql ] [ SQL ] SELECT * FROM `cms_rule` WHERE  `is_visible` = 1  AND `p_id` = 27 [ RunTime:0.000585s ]
[ sql ] [ SQL ] SELECT * FROM `cms_rule` WHERE  `is_visible` = 1  AND `p_id` = 19 [ RunTime:0.000549s ]
[ sql ] [ SQL ] SELECT * FROM `cms_rule` WHERE  `is_visible` = 1  AND `p_id` = 17 [ RunTime:0.000680s ]
[ sql ] [ SQL ] SELECT * FROM `cms_rule` WHERE  `is_visible` = 1  AND `p_id` = 10 [ RunTime:0.000697s ]
[ sql ] [ SQL ] SELECT * FROM `cms_rule` WHERE  `is_visible` = 1  AND `p_id` = 1 [ RunTime:0.000589s ]
[ sql ] [ SQL ] SHOW COLUMNS FROM `cms_group_access` [ RunTime:0.038677s ]
[ sql ] [ SQL ] SELECT * FROM `cms_group_access` WHERE  `uid` = 1 LIMIT 1 [ RunTime:0.000430s ]
[ sql ] [ SQL ] SHOW COLUMNS FROM `cms_group` [ RunTime:0.029660s ]
[ sql ] [ SQL ] SELECT * FROM `cms_group` WHERE  `id` = 1 LIMIT 1 [ RunTime:0.000466s ]
---------------------------------------------------------------
[ 2018-07-06T15:25:44+08:00 ] 127.0.0.1 GET /admin/news/news
[ info ] 127.0.0.5/admin/news/news [运行时间：0.275777s][吞吐率：3.63req/s] [内存消耗：3,397.86kb] [文件加载：105]
[ info ] [ LANG ] E:\www-web\ThinkPHP_CMS\thinkphp\lang\zh-cn.php
[ info ] [ LANG ] E:\www-web\ThinkPHP_CMS\application\admin\\lang\zh-cn.php
[ info ] [ ROUTE ] array (
)
[ info ] [ HEADER ] array (
  'cookie' => 'bdshare_firstime=1530517018014; PHPSESSID=6rt606mifiu2n2vfo7itfva8a2',
  'accept-language' => 'zh-CN,zh;q=0.9',
  'accept-encoding' => 'gzip, deflate, br',
  'referer' => 'http://127.0.0.5/admin/index/index',
  'accept' => 'text/html,application/xhtml+xml,application/xml;q=0.9,image/webp,image/apng,*/*;q=0.8',
  'user-agent' => 'Mozilla/5.0 (Windows NT 10.0; WOW64) AppleWebKit/537.36 (KHTML, like Gecko) Chrome/66.0.3359.139 Safari/537.36',
  'upgrade-insecure-requests' => '1',
  'connection' => 'close',
  'host' => '127.0.0.5',
)
[ info ] [ PARAM ] array (
  '/admin/news/news' => '',
)
[ info ] [ DB ] INIT mysql
[ info ] [ VIEW ] E:\www-web\ThinkPHP_CMS\application\admin\view\news\news.html [ array (
  0 => 'system',
  1 => 'controller_name',
  2 => 'action_name',
  3 => 'menu',
  4 => 'menu_arr',
  5 => 'rule_arr',
  6 => 'info',
  7 => 'display',
  8 => 'current',
) ]
[ sql ] [ DB ] CONNECT:[ UseTime:0.000793s ] mysql:host=127.0.0.1;dbname=thinkphp_cms;charset=utf8
[ sql ] [ SQL ] SHOW COLUMNS FROM `cms_system` [ RunTime:0.022666s ]
[ sql ] [ SQL ] SELECT * FROM `cms_system` LIMIT 1 [ RunTime:0.000844s ]
[ sql ] [ SQL ] SHOW COLUMNS FROM `cms_rule` [ RunTime:0.020603s ]
[ sql ] [ SQL ] SELECT * FROM `cms_rule` WHERE  `name` = 'admin/News' LIMIT 1 [ RunTime:0.000567s ]
[ sql ] [ SQL ] SELECT * FROM `cms_rule` WHERE  `name` = 'admin/News/news' LIMIT 1 [ RunTime:0.000390s ]
[ sql ] [ SQL ] SHOW COLUMNS FROM `cms_group_access` [ RunTime:0.020031s ]
[ sql ] [ SQL ] SELECT * FROM `cms_group_access` `a` INNER JOIN `cms_group` `g` ON `a`.`group_id`=`g`.`id` WHERE  ( a.uid='1' and g.status='1' ) [ RunTime:0.000505s ]
[ sql ] [ SQL ] SELECT * FROM `cms_rule` WHERE  `type` = 1  AND `status` = 1  AND `id` IN (2,3,4,5,6,7,8,9,11,12,13,14,15,16,18,25,26,52,53,54,55,20,21,22,23,24,45,46,47,48,49,50,51,28,29,30,31,32,33,34,35,37,38,39,40,42,43,44,57,58,59,60) [ RunTime:0.000729s ]
[ sql ] [ SQL ] SHOW COLUMNS FROM `cms_news` [ RunTime:0.037671s ]
[ sql ] [ SQL ] SELECT COUNT(*) AS tp_count FROM `cms_news` LIMIT 1 [ RunTime:0.000396s ]
[ sql ] [ SQL ] SELECT * FROM `cms_news` ORDER BY `id` DESC LIMIT 0,15 [ RunTime:0.000370s ]
[ sql ] [ SQL ] SHOW COLUMNS FROM `cms_news_type` [ RunTime:0.051147s ]
[ sql ] [ SQL ] SELECT `news_type_name`,`id` FROM `cms_news_type` WHERE  `id` IN (5,6) [ RunTime:0.000558s ]
---------------------------------------------------------------
[ 2018-07-06T15:25:46+08:00 ] 127.0.0.1 GET /admin/comment/comment?news_id=16
[ info ] 127.0.0.5/admin/comment/comment?news_id=16 [运行时间：0.221437s][吞吐率：4.52req/s] [内存消耗：3,201.50kb] [文件加载：101]
[ info ] [ LANG ] E:\www-web\ThinkPHP_CMS\thinkphp\lang\zh-cn.php
[ info ] [ LANG ] E:\www-web\ThinkPHP_CMS\application\admin\\lang\zh-cn.php
[ info ] [ ROUTE ] array (
)
[ info ] [ HEADER ] array (
  'cookie' => 'bdshare_firstime=1530517018014; PHPSESSID=6rt606mifiu2n2vfo7itfva8a2',
  'accept-language' => 'zh-CN,zh;q=0.9',
  'accept-encoding' => 'gzip, deflate, br',
  'referer' => 'http://127.0.0.5/admin/news/news',
  'user-agent' => 'Mozilla/5.0 (Windows NT 10.0; WOW64) AppleWebKit/537.36 (KHTML, like Gecko) Chrome/66.0.3359.139 Safari/537.36',
  'x-requested-with' => 'XMLHttpRequest',
  'accept' => '*/*',
  'connection' => 'close',
  'host' => '127.0.0.5',
)
[ info ] [ PARAM ] array (
  '/admin/comment/comment' => '',
  'news_id' => '16',
)
[ info ] [ DB ] INIT mysql
[ info ] [ VIEW ] E:\www-web\ThinkPHP_CMS\application\admin\view\comment\comment.html [ array (
  0 => 'system',
  1 => 'controller_name',
  2 => 'action_name',
  3 => 'menu',
  4 => 'menu_arr',
  5 => 'rule_arr',
  6 => 'commentList',
  7 => 'display',
  8 => 'current',
  9 => 'news_id',
) ]
[ sql ] [ DB ] CONNECT:[ UseTime:0.000852s ] mysql:host=127.0.0.1;dbname=thinkphp_cms;charset=utf8
[ sql ] [ SQL ] SHOW COLUMNS FROM `cms_system` [ RunTime:0.019265s ]
[ sql ] [ SQL ] SELECT * FROM `cms_system` LIMIT 1 [ RunTime:0.000438s ]
[ sql ] [ SQL ] SHOW COLUMNS FROM `cms_rule` [ RunTime:0.019115s ]
[ sql ] [ SQL ] SELECT * FROM `cms_rule` WHERE  `name` = 'admin/Comment' LIMIT 1 [ RunTime:0.000547s ]
[ sql ] [ SQL ] SELECT * FROM `cms_rule` WHERE  `name` = 'admin/Comment/comment' LIMIT 1 [ RunTime:0.000387s ]
[ sql ] [ SQL ] SHOW COLUMNS FROM `cms_group_access` [ RunTime:0.019649s ]
[ sql ] [ SQL ] SELECT * FROM `cms_group_access` `a` INNER JOIN `cms_group` `g` ON `a`.`group_id`=`g`.`id` WHERE  ( a.uid='1' and g.status='1' ) [ RunTime:0.000500s ]
[ sql ] [ SQL ] SELECT * FROM `cms_rule` WHERE  `type` = 1  AND `status` = 1  AND `id` IN (2,3,4,5,6,7,8,9,11,12,13,14,15,16,18,25,26,52,53,54,55,20,21,22,23,24,45,46,47,48,49,50,51,28,29,30,31,32,33,34,35,37,38,39,40,42,43,44,57,58,59,60) [ RunTime:0.000766s ]
[ sql ] [ SQL ] SHOW COLUMNS FROM `cms_news` [ RunTime:0.019460s ]
[ sql ] [ SQL ] SELECT COUNT(*) AS tp_count FROM `cms_news` `a` INNER JOIN `cms_comment` `b` ON `a`.`id`=`b`.`news_id` INNER JOIN `cms_users` `c` ON `b`.`user_id`=`c`.`id` WHERE  `a`.`id` = '16' LIMIT 1 [ RunTime:0.040107s ]
[ sql ] [ SQL ] SELECT `a`.`title`,`b`.`id`,`b`.`comment_content`,`b`.`comment_time`,`b`.`check_state`,`c`.`username` FROM `cms_news` `a` INNER JOIN `cms_comment` `b` ON `a`.`id`=`b`.`news_id` INNER JOIN `cms_users` `c` ON `b`.`user_id`=`c`.`id` WHERE  `a`.`id` = '16' LIMIT 0,15 [ RunTime:0.000463s ]
---------------------------------------------------------------
[ 2018-07-06T15:25:46+08:00 ] 127.0.0.1 GET /admin/comment/comment?news_id=16
[ info ] 127.0.0.5/admin/comment/comment?news_id=16 [运行时间：0.177967s][吞吐率：5.62req/s] [内存消耗：3,055.54kb] [文件加载：99]
[ info ] [ LANG ] E:\www-web\ThinkPHP_CMS\thinkphp\lang\zh-cn.php
[ info ] [ LANG ] E:\www-web\ThinkPHP_CMS\application\admin\\lang\zh-cn.php
[ info ] [ ROUTE ] array (
)
[ info ] [ HEADER ] array (
  'cookie' => 'bdshare_firstime=1530517018014; PHPSESSID=6rt606mifiu2n2vfo7itfva8a2',
  'accept-language' => 'zh-CN,zh;q=0.9',
  'accept-encoding' => 'gzip, deflate, br',
  'referer' => 'http://127.0.0.5/admin/news/news',
  'accept' => 'text/html,application/xhtml+xml,application/xml;q=0.9,image/webp,image/apng,*/*;q=0.8',
  'user-agent' => 'Mozilla/5.0 (Windows NT 10.0; WOW64) AppleWebKit/537.36 (KHTML, like Gecko) Chrome/66.0.3359.139 Safari/537.36',
  'upgrade-insecure-requests' => '1',
  'connection' => 'close',
  'host' => '127.0.0.5',
)
[ info ] [ PARAM ] array (
  '/admin/comment/comment' => '',
  'news_id' => '16',
)
[ info ] [ DB ] INIT mysql
[ info ] [ VIEW ] E:\www-web\ThinkPHP_CMS\application\admin\view\comment\comment.html [ array (
  0 => 'system',
  1 => 'controller_name',
  2 => 'action_name',
  3 => 'menu',
  4 => 'menu_arr',
  5 => 'rule_arr',
  6 => 'commentList',
  7 => 'display',
  8 => 'current',
  9 => 'news_id',
) ]
[ sql ] [ DB ] CONNECT:[ UseTime:0.000895s ] mysql:host=127.0.0.1;dbname=thinkphp_cms;charset=utf8
[ sql ] [ SQL ] SHOW COLUMNS FROM `cms_system` [ RunTime:0.021200s ]
[ sql ] [ SQL ] SELECT * FROM `cms_system` LIMIT 1 [ RunTime:0.000462s ]
[ sql ] [ SQL ] SHOW COLUMNS FROM `cms_rule` [ RunTime:0.023454s ]
[ sql ] [ SQL ] SELECT * FROM `cms_rule` WHERE  `name` = 'admin/Comment' LIMIT 1 [ RunTime:0.000604s ]
[ sql ] [ SQL ] SELECT * FROM `cms_rule` WHERE  `name` = 'admin/Comment/comment' LIMIT 1 [ RunTime:0.000451s ]
[ sql ] [ SQL ] SHOW COLUMNS FROM `cms_group_access` [ RunTime:0.022032s ]
[ sql ] [ SQL ] SELECT * FROM `cms_group_access` `a` INNER JOIN `cms_group` `g` ON `a`.`group_id`=`g`.`id` WHERE  ( a.uid='1' and g.status='1' ) [ RunTime:0.000778s ]
[ sql ] [ SQL ] SELECT * FROM `cms_rule` WHERE  `type` = 1  AND `status` = 1  AND `id` IN (2,3,4,5,6,7,8,9,11,12,13,14,15,16,18,25,26,52,53,54,55,20,21,22,23,24,45,46,47,48,49,50,51,28,29,30,31,32,33,34,35,37,38,39,40,42,43,44,57,58,59,60) [ RunTime:0.000957s ]
[ sql ] [ SQL ] SHOW COLUMNS FROM `cms_news` [ RunTime:0.022035s ]
[ sql ] [ SQL ] SELECT COUNT(*) AS tp_count FROM `cms_news` `a` INNER JOIN `cms_comment` `b` ON `a`.`id`=`b`.`news_id` INNER JOIN `cms_users` `c` ON `b`.`user_id`=`c`.`id` WHERE  `a`.`id` = '16' LIMIT 1 [ RunTime:0.000460s ]
[ sql ] [ SQL ] SELECT `a`.`title`,`b`.`id`,`b`.`comment_content`,`b`.`comment_time`,`b`.`check_state`,`c`.`username` FROM `cms_news` `a` INNER JOIN `cms_comment` `b` ON `a`.`id`=`b`.`news_id` INNER JOIN `cms_users` `c` ON `b`.`user_id`=`c`.`id` WHERE  `a`.`id` = '16' LIMIT 0,15 [ RunTime:0.000389s ]
---------------------------------------------------------------
[ 2018-07-06T15:25:49+08:00 ] 127.0.0.1 GET /admin/comment/comment?search=%E5%B0%8F&news_id=16
[ info ] 127.0.0.5/admin/comment/comment?search=%E5%B0%8F&news_id=16 [运行时间：0.162890s][吞吐率：6.14req/s] [内存消耗：3,056.83kb] [文件加载：99]
[ info ] [ LANG ] E:\www-web\ThinkPHP_CMS\thinkphp\lang\zh-cn.php
[ info ] [ LANG ] E:\www-web\ThinkPHP_CMS\application\admin\\lang\zh-cn.php
[ info ] [ ROUTE ] array (
)
[ info ] [ HEADER ] array (
  'cookie' => 'bdshare_firstime=1530517018014; PHPSESSID=6rt606mifiu2n2vfo7itfva8a2',
  'accept-language' => 'zh-CN,zh;q=0.9',
  'accept-encoding' => 'gzip, deflate, br',
  'referer' => 'http://127.0.0.5/admin/comment/comment?news_id=16',
  'accept' => 'text/html,application/xhtml+xml,application/xml;q=0.9,image/webp,image/apng,*/*;q=0.8',
  'user-agent' => 'Mozilla/5.0 (Windows NT 10.0; WOW64) AppleWebKit/537.36 (KHTML, like Gecko) Chrome/66.0.3359.139 Safari/537.36',
  'upgrade-insecure-requests' => '1',
  'connection' => 'close',
  'host' => '127.0.0.5',
)
[ info ] [ PARAM ] array (
  '/admin/comment/comment' => '',
  'search' => '小',
  'news_id' => '16',
)
[ info ] [ DB ] INIT mysql
[ info ] [ VIEW ] E:\www-web\ThinkPHP_CMS\application\admin\view\comment\comment.html [ array (
  0 => 'system',
  1 => 'controller_name',
  2 => 'action_name',
  3 => 'menu',
  4 => 'menu_arr',
  5 => 'rule_arr',
  6 => 'commentList',
  7 => 'display',
  8 => 'current',
  9 => 'news_id',
) ]
[ sql ] [ DB ] CONNECT:[ UseTime:0.001238s ] mysql:host=127.0.0.1;dbname=thinkphp_cms;charset=utf8
[ sql ] [ SQL ] SHOW COLUMNS FROM `cms_system` [ RunTime:0.022234s ]
[ sql ] [ SQL ] SELECT * FROM `cms_system` LIMIT 1 [ RunTime:0.000417s ]
[ sql ] [ SQL ] SHOW COLUMNS FROM `cms_rule` [ RunTime:0.020657s ]
[ sql ] [ SQL ] SELECT * FROM `cms_rule` WHERE  `name` = 'admin/Comment' LIMIT 1 [ RunTime:0.000511s ]
[ sql ] [ SQL ] SELECT * FROM `cms_rule` WHERE  `name` = 'admin/Comment/comment' LIMIT 1 [ RunTime:0.000400s ]
[ sql ] [ SQL ] SHOW COLUMNS FROM `cms_group_access` [ RunTime:0.020349s ]
[ sql ] [ SQL ] SELECT * FROM `cms_group_access` `a` INNER JOIN `cms_group` `g` ON `a`.`group_id`=`g`.`id` WHERE  ( a.uid='1' and g.status='1' ) [ RunTime:0.000466s ]
[ sql ] [ SQL ] SELECT * FROM `cms_rule` WHERE  `type` = 1  AND `status` = 1  AND `id` IN (2,3,4,5,6,7,8,9,11,12,13,14,15,16,18,25,26,52,53,54,55,20,21,22,23,24,45,46,47,48,49,50,51,28,29,30,31,32,33,34,35,37,38,39,40,42,43,44,57,58,59,60) [ RunTime:0.000677s ]
[ sql ] [ SQL ] SHOW COLUMNS FROM `cms_news` [ RunTime:0.020769s ]
[ sql ] [ SQL ] SELECT COUNT(*) AS tp_count FROM `cms_news` `a` INNER JOIN `cms_comment` `b` ON `a`.`id`=`b`.`news_id` INNER JOIN `cms_users` `c` ON `b`.`user_id`=`c`.`id` WHERE  `a`.`id` = '16'  AND `b`.`comment_content` LIKE '%小%' LIMIT 1 [ RunTime:0.000681s ]
[ sql ] [ SQL ] SELECT `a`.`title`,`b`.`id`,`b`.`comment_content`,`b`.`comment_time`,`b`.`check_state`,`c`.`username` FROM `cms_news` `a` INNER JOIN `cms_comment` `b` ON `a`.`id`=`b`.`news_id` INNER JOIN `cms_users` `c` ON `b`.`user_id`=`c`.`id` WHERE  `a`.`id` = '16'  AND `b`.`comment_content` LIKE '%小%' LIMIT 0,15 [ RunTime:0.000412s ]
---------------------------------------------------------------
[ 2018-07-06T15:28:11+08:00 ] 127.0.0.1 GET /admin/comment/comment?search=&news_id=16
[ info ] 127.0.0.5/admin/comment/comment?search=&news_id=16 [运行时间：0.256073s][吞吐率：3.91req/s] [内存消耗：3,055.83kb] [文件加载：99]
[ info ] [ LANG ] E:\www-web\ThinkPHP_CMS\thinkphp\lang\zh-cn.php
[ info ] [ LANG ] E:\www-web\ThinkPHP_CMS\application\admin\\lang\zh-cn.php
[ info ] [ ROUTE ] array (
)
[ info ] [ HEADER ] array (
  'cookie' => 'bdshare_firstime=1530517018014; PHPSESSID=6rt606mifiu2n2vfo7itfva8a2',
  'accept-language' => 'zh-CN,zh;q=0.9',
  'accept-encoding' => 'gzip, deflate, br',
  'referer' => 'http://127.0.0.5/admin/comment/comment?search=%E5%B0%8F&news_id=16',
  'accept' => 'text/html,application/xhtml+xml,application/xml;q=0.9,image/webp,image/apng,*/*;q=0.8',
  'user-agent' => 'Mozilla/5.0 (Windows NT 10.0; WOW64) AppleWebKit/537.36 (KHTML, like Gecko) Chrome/66.0.3359.139 Safari/537.36',
  'upgrade-insecure-requests' => '1',
  'connection' => 'close',
  'host' => '127.0.0.5',
)
[ info ] [ PARAM ] array (
  '/admin/comment/comment' => '',
  'search' => '',
  'news_id' => '16',
)
[ info ] [ DB ] INIT mysql
[ info ] [ VIEW ] E:\www-web\ThinkPHP_CMS\application\admin\view\comment\comment.html [ array (
  0 => 'system',
  1 => 'controller_name',
  2 => 'action_name',
  3 => 'menu',
  4 => 'menu_arr',
  5 => 'rule_arr',
  6 => 'commentList',
  7 => 'display',
  8 => 'current',
  9 => 'news_id',
) ]
[ sql ] [ DB ] CONNECT:[ UseTime:0.000889s ] mysql:host=127.0.0.1;dbname=thinkphp_cms;charset=utf8
[ sql ] [ SQL ] SHOW COLUMNS FROM `cms_system` [ RunTime:0.077367s ]
[ sql ] [ SQL ] SELECT * FROM `cms_system` LIMIT 1 [ RunTime:0.001053s ]
[ sql ] [ SQL ] SHOW COLUMNS FROM `cms_rule` [ RunTime:0.034561s ]
[ sql ] [ SQL ] SELECT * FROM `cms_rule` WHERE  `name` = 'admin/Comment' LIMIT 1 [ RunTime:0.000701s ]
[ sql ] [ SQL ] SELECT * FROM `cms_rule` WHERE  `name` = 'admin/Comment/comment' LIMIT 1 [ RunTime:0.000475s ]
[ sql ] [ SQL ] SHOW COLUMNS FROM `cms_group_access` [ RunTime:0.027641s ]
[ sql ] [ SQL ] SELECT * FROM `cms_group_access` `a` INNER JOIN `cms_group` `g` ON `a`.`group_id`=`g`.`id` WHERE  ( a.uid='1' and g.status='1' ) [ RunTime:0.001060s ]
[ sql ] [ SQL ] SELECT * FROM `cms_rule` WHERE  `type` = 1  AND `status` = 1  AND `id` IN (2,3,4,5,6,7,8,9,11,12,13,14,15,16,18,25,26,52,53,54,55,20,21,22,23,24,45,46,47,48,49,50,51,28,29,30,31,32,33,34,35,37,38,39,40,42,43,44,57,58,59,60) [ RunTime:0.001193s ]
[ sql ] [ SQL ] SHOW COLUMNS FROM `cms_news` [ RunTime:0.027373s ]
[ sql ] [ SQL ] SELECT COUNT(*) AS tp_count FROM `cms_news` `a` INNER JOIN `cms_comment` `b` ON `a`.`id`=`b`.`news_id` INNER JOIN `cms_users` `c` ON `b`.`user_id`=`c`.`id` WHERE  `a`.`id` = '16' LIMIT 1 [ RunTime:0.000482s ]
[ sql ] [ SQL ] SELECT `a`.`title`,`b`.`id`,`b`.`comment_content`,`b`.`comment_time`,`b`.`check_state`,`c`.`username` FROM `cms_news` `a` INNER JOIN `cms_comment` `b` ON `a`.`id`=`b`.`news_id` INNER JOIN `cms_users` `c` ON `b`.`user_id`=`c`.`id` WHERE  `a`.`id` = '16' LIMIT 0,15 [ RunTime:0.000389s ]
