---------------------------------------------------------------
[ 2018-07-09T13:16:57+08:00 ] 127.0.0.1 GET 127.0.0.5/admin/news/add_news
[运行时间：0.187960s] [吞吐率：5.32req/s] [内存消耗：1,704.68kb] [文件加载：74]
[ info ] [ LANG ] E:\www-web\ThinkPHP_CMS\thinkphp\lang\zh-cn.php
[ info ] [ LANG ] E:\www-web\ThinkPHP_CMS\application\admin\\lang\zh-cn.php
[ info ] [ ROUTE ] array (
)
[ info ] [ HEADER ] array (
  'cookie' => 'bdshare_firstime=1530517018014',
  'accept-language' => 'zh-CN,zh;q=0.9',
  'accept-encoding' => 'gzip, deflate, br',
  'accept' => 'text/html,application/xhtml+xml,application/xml;q=0.9,image/webp,image/apng,*/*;q=0.8',
  'user-agent' => 'Mozilla/5.0 (Windows NT 10.0; WOW64) AppleWebKit/537.36 (KHTML, like Gecko) Chrome/66.0.3359.139 Safari/537.36',
  'upgrade-insecure-requests' => '1',
  'connection' => 'close',
  'host' => '127.0.0.5',
)
[ info ] [ PARAM ] array (
  '/admin/news/add_news' => '',
)
---------------------------------------------------------------
[ 2018-07-09T13:16:57+08:00 ] 127.0.0.1 GET 127.0.0.5/admin/login/login
[运行时间：0.129600s] [吞吐率：7.72req/s] [内存消耗：2,675.83kb] [文件加载：86]
[ info ] [ LANG ] E:\www-web\ThinkPHP_CMS\thinkphp\lang\zh-cn.php
[ info ] [ LANG ] E:\www-web\ThinkPHP_CMS\application\admin\\lang\zh-cn.php
[ info ] [ ROUTE ] array (
)
[ info ] [ HEADER ] array (
  'cookie' => 'bdshare_firstime=1530517018014; PHPSESSID=02quls083b3s59l4l35i7af3o0',
  'accept-language' => 'zh-CN,zh;q=0.9',
  'accept-encoding' => 'gzip, deflate, br',
  'accept' => 'text/html,application/xhtml+xml,application/xml;q=0.9,image/webp,image/apng,*/*;q=0.8',
  'user-agent' => 'Mozilla/5.0 (Windows NT 10.0; WOW64) AppleWebKit/537.36 (KHTML, like Gecko) Chrome/66.0.3359.139 Safari/537.36',
  'upgrade-insecure-requests' => '1',
  'connection' => 'close',
  'host' => '127.0.0.5',
)
[ info ] [ PARAM ] array (
  '/admin/login/login' => '',
)
[ info ] [ DB ] INIT mysql
[ info ] [ VIEW ] E:\www-web\ThinkPHP_CMS\application\admin\view\login\login.html [ array (
  0 => 'system',
) ]
[ sql ] [ DB ] CONNECT:[ UseTime:0.003395s ] mysql:host=127.0.0.1;dbname=thinkphp_cms;charset=utf8
[ sql ] [ SQL ] SHOW COLUMNS FROM `cms_system` [ RunTime:0.058448s ]
[ sql ] [ SQL ] SELECT * FROM `cms_system` LIMIT 1 [ RunTime:0.000519s ]
---------------------------------------------------------------
[ 2018-07-09T13:16:57+08:00 ] 127.0.0.1 GET 127.0.0.5/captcha
[运行时间：0.115316s] [吞吐率：8.67req/s] [内存消耗：1,222.37kb] [文件加载：56]
[ info ] [ LANG ] E:\www-web\ThinkPHP_CMS\thinkphp\lang\zh-cn.php
[ info ] [ ROUTE ] array (
  'rule' => 'captcha/<id?>',
  'route' => '\\think\\captcha\\CaptchaController@index',
  'option' => 
  array (
    'merge_rule_regex' => false,
  ),
  'var' => 
  array (
  ),
)
[ info ] [ HEADER ] array (
  'cookie' => 'bdshare_firstime=1530517018014; PHPSESSID=02quls083b3s59l4l35i7af3o0',
  'accept-language' => 'zh-CN,zh;q=0.9',
  'accept-encoding' => 'gzip, deflate, br',
  'referer' => 'http://127.0.0.5/admin/login/login',
  'accept' => 'image/webp,image/apng,image/*,*/*;q=0.8',
  'user-agent' => 'Mozilla/5.0 (Windows NT 10.0; WOW64) AppleWebKit/537.36 (KHTML, like Gecko) Chrome/66.0.3359.139 Safari/537.36',
  'connection' => 'close',
  'host' => '127.0.0.5',
)
[ info ] [ PARAM ] array (
  '/captcha' => '',
)
---------------------------------------------------------------
[ 2018-07-09T13:17:06+08:00 ] 127.0.0.1 POST 127.0.0.5/admin/login/login_do
[运行时间：0.039818s] [吞吐率：25.11req/s] [内存消耗：1,640.14kb] [文件加载：73]
[ info ] [ LANG ] E:\www-web\ThinkPHP_CMS\thinkphp\lang\zh-cn.php
[ info ] [ LANG ] E:\www-web\ThinkPHP_CMS\application\admin\\lang\zh-cn.php
[ info ] [ ROUTE ] array (
)
[ info ] [ HEADER ] array (
  'cookie' => 'bdshare_firstime=1530517018014; PHPSESSID=02quls083b3s59l4l35i7af3o0',
  'accept-language' => 'zh-CN,zh;q=0.9',
  'accept-encoding' => 'gzip, deflate, br',
  'referer' => 'http://127.0.0.5/admin/login/login',
  'content-type' => 'application/x-www-form-urlencoded; charset=UTF-8',
  'user-agent' => 'Mozilla/5.0 (Windows NT 10.0; WOW64) AppleWebKit/537.36 (KHTML, like Gecko) Chrome/66.0.3359.139 Safari/537.36',
  'x-requested-with' => 'XMLHttpRequest',
  'origin' => 'http://127.0.0.5',
  'accept' => '*/*',
  'content-length' => '39',
  'connection' => 'close',
  'host' => '127.0.0.5',
)
[ info ] [ PARAM ] array (
  '/admin/login/login_do' => '',
  'username' => 'admin',
  'password' => '123',
  'verify' => '8qru',
)
---------------------------------------------------------------
[ 2018-07-09T13:17:06+08:00 ] 127.0.0.1 GET 127.0.0.5/captcha?rnd=0.9701484491563546
[运行时间：0.035260s] [吞吐率：28.36req/s] [内存消耗：1,222.54kb] [文件加载：56]
[ info ] [ LANG ] E:\www-web\ThinkPHP_CMS\thinkphp\lang\zh-cn.php
[ info ] [ ROUTE ] array (
  'rule' => 'captcha/<id?>',
  'route' => '\\think\\captcha\\CaptchaController@index',
  'option' => 
  array (
    'merge_rule_regex' => false,
  ),
  'var' => 
  array (
  ),
)
[ info ] [ HEADER ] array (
  'cookie' => 'bdshare_firstime=1530517018014; PHPSESSID=02quls083b3s59l4l35i7af3o0',
  'accept-language' => 'zh-CN,zh;q=0.9',
  'accept-encoding' => 'gzip, deflate, br',
  'referer' => 'http://127.0.0.5/admin/login/login',
  'accept' => 'image/webp,image/apng,image/*,*/*;q=0.8',
  'user-agent' => 'Mozilla/5.0 (Windows NT 10.0; WOW64) AppleWebKit/537.36 (KHTML, like Gecko) Chrome/66.0.3359.139 Safari/537.36',
  'connection' => 'close',
  'host' => '127.0.0.5',
)
[ info ] [ PARAM ] array (
  '/captcha' => '',
  'rnd' => '0.9701484491563546',
)
---------------------------------------------------------------
[ 2018-07-09T13:17:13+08:00 ] 127.0.0.1 POST 127.0.0.5/admin/login/login_do
[运行时间：0.231838s] [吞吐率：4.31req/s] [内存消耗：2,720.64kb] [文件加载：87]
[ info ] [ LANG ] E:\www-web\ThinkPHP_CMS\thinkphp\lang\zh-cn.php
[ info ] [ LANG ] E:\www-web\ThinkPHP_CMS\application\admin\\lang\zh-cn.php
[ info ] [ ROUTE ] array (
)
[ info ] [ HEADER ] array (
  'cookie' => 'bdshare_firstime=1530517018014; PHPSESSID=02quls083b3s59l4l35i7af3o0',
  'accept-language' => 'zh-CN,zh;q=0.9',
  'accept-encoding' => 'gzip, deflate, br',
  'referer' => 'http://127.0.0.5/admin/login/login',
  'content-type' => 'application/x-www-form-urlencoded; charset=UTF-8',
  'user-agent' => 'Mozilla/5.0 (Windows NT 10.0; WOW64) AppleWebKit/537.36 (KHTML, like Gecko) Chrome/66.0.3359.139 Safari/537.36',
  'x-requested-with' => 'XMLHttpRequest',
  'origin' => 'http://127.0.0.5',
  'accept' => '*/*',
  'content-length' => '39',
  'connection' => 'close',
  'host' => '127.0.0.5',
)
[ info ] [ PARAM ] array (
  '/admin/login/login_do' => '',
  'username' => 'admin',
  'password' => '123',
  'verify' => '3zdc',
)
[ info ] [ DB ] INIT mysql
[ sql ] [ DB ] CONNECT:[ UseTime:0.001051s ] mysql:host=127.0.0.1;dbname=thinkphp_cms;charset=utf8
[ sql ] [ SQL ] SHOW COLUMNS FROM `cms_admin` [ RunTime:0.029471s ]
[ sql ] [ SQL ] SELECT * FROM `cms_admin` WHERE  `password` = '202cb962ac59075b964b07152d234b70'  AND `username` = 'admin' LIMIT 1 [ RunTime:0.000501s ]
[ sql ] [ SQL ] SELECT * FROM `cms_admin` WHERE  `id` = 1 LIMIT 1 [ RunTime:0.000403s ]
[ sql ] [ SQL ] UPDATE `cms_admin`  SET `unique_id` = 45279 , `last_time` = '2018-07-09 13:17:13' , `login_count` = 36  WHERE  `id` = 1 [ RunTime:0.011951s ]
[ sql ] [ SQL ] SELECT * FROM `cms_admin` WHERE  `id` = 1 LIMIT 1 [ RunTime:0.000456s ]
[ sql ] [ SQL ] SHOW COLUMNS FROM `cms_log` [ RunTime:0.062713s ]
[ sql ] [ SQL ] INSERT INTO `cms_log` (`name` , `title` , `type` , `ip` , `browser` , `time`) VALUES ('admin' , '登陆系统' , '登陆' , '127.0.0.1' , 'Mozilla/5.0 (Windows NT 10.0; WOW64) AppleWebKit/537.36 (KHTML, like Gecko) Chrome/66.0.3359.139 Safari/537.36' , '2018-07-09 13:17:13') [ RunTime:0.001841s ]
---------------------------------------------------------------
[ 2018-07-09T13:17:14+08:00 ] 127.0.0.1 GET 127.0.0.5/admin/index/index
[运行时间：0.249992s] [吞吐率：4.00req/s] [内存消耗：2,974.70kb] [文件加载：93]
[ info ] [ LANG ] E:\www-web\ThinkPHP_CMS\thinkphp\lang\zh-cn.php
[ info ] [ LANG ] E:\www-web\ThinkPHP_CMS\application\admin\\lang\zh-cn.php
[ info ] [ ROUTE ] array (
)
[ info ] [ HEADER ] array (
  'cookie' => 'bdshare_firstime=1530517018014; PHPSESSID=02quls083b3s59l4l35i7af3o0',
  'accept-language' => 'zh-CN,zh;q=0.9',
  'accept-encoding' => 'gzip, deflate, br',
  'referer' => 'http://127.0.0.5/admin/login/login',
  'accept' => 'text/html,application/xhtml+xml,application/xml;q=0.9,image/webp,image/apng,*/*;q=0.8',
  'user-agent' => 'Mozilla/5.0 (Windows NT 10.0; WOW64) AppleWebKit/537.36 (KHTML, like Gecko) Chrome/66.0.3359.139 Safari/537.36',
  'upgrade-insecure-requests' => '1',
  'connection' => 'close',
  'host' => '127.0.0.5',
)
[ info ] [ PARAM ] array (
  '/admin/index/index' => '',
)
[ info ] [ DB ] INIT mysql
[ info ] [ VIEW ] E:\www-web\ThinkPHP_CMS\application\admin\view\index\index.html [ array (
  0 => 'system',
  1 => 'controller_name',
  2 => 'action_name',
  3 => 'menu',
  4 => 'menu_arr',
  5 => 'rule_arr',
  6 => 'display',
  7 => 'config',
) ]
[ sql ] [ DB ] CONNECT:[ UseTime:0.000934s ] mysql:host=127.0.0.1;dbname=thinkphp_cms;charset=utf8
[ sql ] [ SQL ] SHOW COLUMNS FROM `cms_system` [ RunTime:0.017429s ]
[ sql ] [ SQL ] SELECT * FROM `cms_system` LIMIT 1 [ RunTime:0.000424s ]
[ sql ] [ SQL ] SHOW COLUMNS FROM `cms_rule` [ RunTime:0.044535s ]
[ sql ] [ SQL ] SELECT * FROM `cms_rule` WHERE  `name` = 'admin/Index' LIMIT 1 [ RunTime:0.000448s ]
[ sql ] [ SQL ] SELECT * FROM `cms_rule` WHERE  `name` = 'admin/Index/index' LIMIT 1 [ RunTime:0.000334s ]
[ sql ] [ SQL ] SELECT * FROM `cms_rule` WHERE  `is_visible` = 1  AND `p_id` = 0 ORDER BY `show_order` DESC [ RunTime:0.000597s ]
[ sql ] [ SQL ] SELECT * FROM `cms_rule` WHERE  `is_visible` = 1  AND `p_id` = 41 [ RunTime:0.000533s ]
[ sql ] [ SQL ] SELECT * FROM `cms_rule` WHERE  `is_visible` = 1  AND `p_id` = 56 [ RunTime:0.000533s ]
[ sql ] [ SQL ] SELECT * FROM `cms_rule` WHERE  `is_visible` = 1  AND `p_id` = 27 [ RunTime:0.000655s ]
[ sql ] [ SQL ] SELECT * FROM `cms_rule` WHERE  `is_visible` = 1  AND `p_id` = 19 [ RunTime:0.000694s ]
[ sql ] [ SQL ] SELECT * FROM `cms_rule` WHERE  `is_visible` = 1  AND `p_id` = 17 [ RunTime:0.000719s ]
[ sql ] [ SQL ] SELECT * FROM `cms_rule` WHERE  `is_visible` = 1  AND `p_id` = 10 [ RunTime:0.000543s ]
[ sql ] [ SQL ] SELECT * FROM `cms_rule` WHERE  `is_visible` = 1  AND `p_id` = 1 [ RunTime:0.000539s ]
[ sql ] [ SQL ] SHOW COLUMNS FROM `cms_group_access` [ RunTime:0.028764s ]
[ sql ] [ SQL ] SELECT * FROM `cms_group_access` WHERE  `uid` = 1 LIMIT 1 [ RunTime:0.000377s ]
[ sql ] [ SQL ] SHOW COLUMNS FROM `cms_group` [ RunTime:0.030866s ]
[ sql ] [ SQL ] SELECT * FROM `cms_group` WHERE  `id` = 1 LIMIT 1 [ RunTime:0.000452s ]
---------------------------------------------------------------
[ 2018-07-09T13:17:16+08:00 ] 127.0.0.1 GET 127.0.0.5/admin/users/users_index
[运行时间：0.243797s] [吞吐率：4.10req/s] [内存消耗：3,257.85kb] [文件加载：101]
[ info ] [ LANG ] E:\www-web\ThinkPHP_CMS\thinkphp\lang\zh-cn.php
[ info ] [ LANG ] E:\www-web\ThinkPHP_CMS\application\admin\\lang\zh-cn.php
[ info ] [ ROUTE ] array (
)
[ info ] [ HEADER ] array (
  'cookie' => 'bdshare_firstime=1530517018014; PHPSESSID=02quls083b3s59l4l35i7af3o0',
  'accept-language' => 'zh-CN,zh;q=0.9',
  'accept-encoding' => 'gzip, deflate, br',
  'referer' => 'http://127.0.0.5/admin/index/index',
  'accept' => 'text/html,application/xhtml+xml,application/xml;q=0.9,image/webp,image/apng,*/*;q=0.8',
  'user-agent' => 'Mozilla/5.0 (Windows NT 10.0; WOW64) AppleWebKit/537.36 (KHTML, like Gecko) Chrome/66.0.3359.139 Safari/537.36',
  'upgrade-insecure-requests' => '1',
  'connection' => 'close',
  'host' => '127.0.0.5',
)
[ info ] [ PARAM ] array (
  '/admin/users/users_index' => '',
)
[ info ] [ DB ] INIT mysql
[ info ] [ VIEW ] E:\www-web\ThinkPHP_CMS\application\admin\view\users\users_index.html [ array (
  0 => 'system',
  1 => 'controller_name',
  2 => 'action_name',
  3 => 'menu',
  4 => 'menu_arr',
  5 => 'rule_arr',
  6 => 'display',
  7 => 'current',
  8 => 'info',
) ]
[ sql ] [ DB ] CONNECT:[ UseTime:0.000893s ] mysql:host=127.0.0.1;dbname=thinkphp_cms;charset=utf8
[ sql ] [ SQL ] SHOW COLUMNS FROM `cms_system` [ RunTime:0.015931s ]
[ sql ] [ SQL ] SELECT * FROM `cms_system` LIMIT 1 [ RunTime:0.000361s ]
[ sql ] [ SQL ] SHOW COLUMNS FROM `cms_rule` [ RunTime:0.020325s ]
[ sql ] [ SQL ] SELECT * FROM `cms_rule` WHERE  `name` = 'admin/Users' LIMIT 1 [ RunTime:0.000705s ]
[ sql ] [ SQL ] SELECT * FROM `cms_rule` WHERE  `name` = 'admin/Users/users_index' LIMIT 1 [ RunTime:0.000492s ]
[ sql ] [ SQL ] SHOW COLUMNS FROM `cms_group_access` [ RunTime:0.015675s ]
[ sql ] [ SQL ] SELECT * FROM `cms_group_access` `a` INNER JOIN `cms_group` `g` ON `a`.`group_id`=`g`.`id` WHERE  ( a.uid='1' and g.status='1' ) [ RunTime:0.017893s ]
[ sql ] [ SQL ] SELECT * FROM `cms_rule` WHERE  `type` = 1  AND `status` = 1  AND `id` IN (2,3,4,5,6,7,8,9,11,12,13,14,15,16,18,25,26,52,53,54,55,20,21,22,23,24,45,46,47,48,49,50,51,28,29,30,31,32,33,34,35,37,38,39,40,42,43,44,57,58,59,60) [ RunTime:0.009694s ]
[ sql ] [ SQL ] SHOW COLUMNS FROM `cms_users` [ RunTime:0.036822s ]
[ sql ] [ SQL ] SELECT COUNT(*) AS tp_count FROM `cms_users` LIMIT 1 [ RunTime:0.000848s ]
[ sql ] [ SQL ] SELECT * FROM `cms_users` ORDER BY `id` DESC LIMIT 0,15 [ RunTime:0.000343s ]
---------------------------------------------------------------
[ 2018-07-09T13:17:19+08:00 ] 127.0.0.1 GET 127.0.0.5/admin/banner/banner
[运行时间：0.185245s] [吞吐率：5.40req/s] [内存消耗：3,251.55kb] [文件加载：101]
[ info ] [ LANG ] E:\www-web\ThinkPHP_CMS\thinkphp\lang\zh-cn.php
[ info ] [ LANG ] E:\www-web\ThinkPHP_CMS\application\admin\\lang\zh-cn.php
[ info ] [ ROUTE ] array (
)
[ info ] [ HEADER ] array (
  'cookie' => 'bdshare_firstime=1530517018014; PHPSESSID=02quls083b3s59l4l35i7af3o0',
  'accept-language' => 'zh-CN,zh;q=0.9',
  'accept-encoding' => 'gzip, deflate, br',
  'referer' => 'http://127.0.0.5/admin/users/users_index',
  'accept' => 'text/html,application/xhtml+xml,application/xml;q=0.9,image/webp,image/apng,*/*;q=0.8',
  'user-agent' => 'Mozilla/5.0 (Windows NT 10.0; WOW64) AppleWebKit/537.36 (KHTML, like Gecko) Chrome/66.0.3359.139 Safari/537.36',
  'upgrade-insecure-requests' => '1',
  'connection' => 'close',
  'host' => '127.0.0.5',
)
[ info ] [ PARAM ] array (
  '/admin/banner/banner' => '',
)
[ info ] [ DB ] INIT mysql
[ info ] [ VIEW ] E:\www-web\ThinkPHP_CMS\application\admin\view\banner\banner.html [ array (
  0 => 'system',
  1 => 'controller_name',
  2 => 'action_name',
  3 => 'menu',
  4 => 'menu_arr',
  5 => 'rule_arr',
  6 => 'info',
  7 => 'display',
  8 => 'current',
) ]
[ sql ] [ DB ] CONNECT:[ UseTime:0.001017s ] mysql:host=127.0.0.1;dbname=thinkphp_cms;charset=utf8
[ sql ] [ SQL ] SHOW COLUMNS FROM `cms_system` [ RunTime:0.017039s ]
[ sql ] [ SQL ] SELECT * FROM `cms_system` LIMIT 1 [ RunTime:0.000385s ]
[ sql ] [ SQL ] SHOW COLUMNS FROM `cms_rule` [ RunTime:0.016831s ]
[ sql ] [ SQL ] SELECT * FROM `cms_rule` WHERE  `name` = 'admin/Banner' LIMIT 1 [ RunTime:0.000570s ]
[ sql ] [ SQL ] SELECT * FROM `cms_rule` WHERE  `name` = 'admin/Banner/banner' LIMIT 1 [ RunTime:0.000586s ]
[ sql ] [ SQL ] SHOW COLUMNS FROM `cms_group_access` [ RunTime:0.017520s ]
[ sql ] [ SQL ] SELECT * FROM `cms_group_access` `a` INNER JOIN `cms_group` `g` ON `a`.`group_id`=`g`.`id` WHERE  ( a.uid='1' and g.status='1' ) [ RunTime:0.000448s ]
[ sql ] [ SQL ] SELECT * FROM `cms_rule` WHERE  `type` = 1  AND `status` = 1  AND `id` IN (2,3,4,5,6,7,8,9,11,12,13,14,15,16,18,25,26,52,53,54,55,20,21,22,23,24,45,46,47,48,49,50,51,28,29,30,31,32,33,34,35,37,38,39,40,42,43,44,57,58,59,60) [ RunTime:0.000695s ]
[ sql ] [ SQL ] SHOW COLUMNS FROM `cms_banner` [ RunTime:0.039907s ]
[ sql ] [ SQL ] SELECT COUNT(*) AS tp_count FROM `cms_banner` LIMIT 1 [ RunTime:0.000366s ]
[ sql ] [ SQL ] SELECT * FROM `cms_banner` ORDER BY `id` DESC LIMIT 0,15 [ RunTime:0.000316s ]
---------------------------------------------------------------
[ 2018-07-09T13:17:21+08:00 ] 127.0.0.1 GET 127.0.0.5/admin/news/news_type
[运行时间：0.238210s] [吞吐率：4.20req/s] [内存消耗：3,242.38kb] [文件加载：100]
[ info ] [ LANG ] E:\www-web\ThinkPHP_CMS\thinkphp\lang\zh-cn.php
[ info ] [ LANG ] E:\www-web\ThinkPHP_CMS\application\admin\\lang\zh-cn.php
[ info ] [ ROUTE ] array (
)
[ info ] [ HEADER ] array (
  'cookie' => 'bdshare_firstime=1530517018014; PHPSESSID=02quls083b3s59l4l35i7af3o0',
  'accept-language' => 'zh-CN,zh;q=0.9',
  'accept-encoding' => 'gzip, deflate, br',
  'referer' => 'http://127.0.0.5/admin/banner/banner',
  'accept' => 'text/html,application/xhtml+xml,application/xml;q=0.9,image/webp,image/apng,*/*;q=0.8',
  'user-agent' => 'Mozilla/5.0 (Windows NT 10.0; WOW64) AppleWebKit/537.36 (KHTML, like Gecko) Chrome/66.0.3359.139 Safari/537.36',
  'upgrade-insecure-requests' => '1',
  'connection' => 'close',
  'host' => '127.0.0.5',
)
[ info ] [ PARAM ] array (
  '/admin/news/news_type' => '',
)
[ info ] [ DB ] INIT mysql
[ info ] [ VIEW ] E:\www-web\ThinkPHP_CMS\application\admin\view\news\news_type.html [ array (
  0 => 'system',
  1 => 'controller_name',
  2 => 'action_name',
  3 => 'menu',
  4 => 'menu_arr',
  5 => 'rule_arr',
  6 => 'info',
  7 => 'display',
  8 => 'current',
) ]
[ sql ] [ DB ] CONNECT:[ UseTime:0.002479s ] mysql:host=127.0.0.1;dbname=thinkphp_cms;charset=utf8
[ sql ] [ SQL ] SHOW COLUMNS FROM `cms_system` [ RunTime:0.030521s ]
[ sql ] [ SQL ] SELECT * FROM `cms_system` LIMIT 1 [ RunTime:0.000552s ]
[ sql ] [ SQL ] SHOW COLUMNS FROM `cms_rule` [ RunTime:0.036659s ]
[ sql ] [ SQL ] SELECT * FROM `cms_rule` WHERE  `name` = 'admin/News' LIMIT 1 [ RunTime:0.000443s ]
[ sql ] [ SQL ] SELECT * FROM `cms_rule` WHERE  `name` = 'admin/News/news_type' LIMIT 1 [ RunTime:0.000470s ]
[ sql ] [ SQL ] SHOW COLUMNS FROM `cms_group_access` [ RunTime:0.021045s ]
[ sql ] [ SQL ] SELECT * FROM `cms_group_access` `a` INNER JOIN `cms_group` `g` ON `a`.`group_id`=`g`.`id` WHERE  ( a.uid='1' and g.status='1' ) [ RunTime:0.000521s ]
[ sql ] [ SQL ] SELECT * FROM `cms_rule` WHERE  `type` = 1  AND `status` = 1  AND `id` IN (2,3,4,5,6,7,8,9,11,12,13,14,15,16,18,25,26,52,53,54,55,20,21,22,23,24,45,46,47,48,49,50,51,28,29,30,31,32,33,34,35,37,38,39,40,42,43,44,57,58,59,60) [ RunTime:0.000661s ]
[ sql ] [ SQL ] SHOW COLUMNS FROM `cms_news_type` [ RunTime:0.036927s ]
[ sql ] [ SQL ] SELECT * FROM `cms_news_type` ORDER BY `p_id` ASC [ RunTime:0.000516s ]
---------------------------------------------------------------
[ 2018-07-09T13:17:21+08:00 ] 127.0.0.1 GET 127.0.0.5/admin/news/news
[运行时间：0.179396s] [吞吐率：5.57req/s] [内存消耗：3,296.65kb] [文件加载：103]
[ info ] [ LANG ] E:\www-web\ThinkPHP_CMS\thinkphp\lang\zh-cn.php
[ info ] [ LANG ] E:\www-web\ThinkPHP_CMS\application\admin\\lang\zh-cn.php
[ info ] [ ROUTE ] array (
)
[ info ] [ HEADER ] array (
  'cookie' => 'bdshare_firstime=1530517018014; PHPSESSID=02quls083b3s59l4l35i7af3o0',
  'accept-language' => 'zh-CN,zh;q=0.9',
  'accept-encoding' => 'gzip, deflate, br',
  'referer' => 'http://127.0.0.5/admin/news/news_type',
  'accept' => 'text/html,application/xhtml+xml,application/xml;q=0.9,image/webp,image/apng,*/*;q=0.8',
  'user-agent' => 'Mozilla/5.0 (Windows NT 10.0; WOW64) AppleWebKit/537.36 (KHTML, like Gecko) Chrome/66.0.3359.139 Safari/537.36',
  'upgrade-insecure-requests' => '1',
  'connection' => 'close',
  'host' => '127.0.0.5',
)
[ info ] [ PARAM ] array (
  '/admin/news/news' => '',
)
[ info ] [ DB ] INIT mysql
[ info ] [ VIEW ] E:\www-web\ThinkPHP_CMS\application\admin\view\news\news.html [ array (
  0 => 'system',
  1 => 'controller_name',
  2 => 'action_name',
  3 => 'menu',
  4 => 'menu_arr',
  5 => 'rule_arr',
  6 => 'info',
  7 => 'display',
  8 => 'current',
) ]
[ sql ] [ DB ] CONNECT:[ UseTime:0.001018s ] mysql:host=127.0.0.1;dbname=thinkphp_cms;charset=utf8
[ sql ] [ SQL ] SHOW COLUMNS FROM `cms_system` [ RunTime:0.021364s ]
[ sql ] [ SQL ] SELECT * FROM `cms_system` LIMIT 1 [ RunTime:0.000492s ]
[ sql ] [ SQL ] SHOW COLUMNS FROM `cms_rule` [ RunTime:0.016669s ]
[ sql ] [ SQL ] SELECT * FROM `cms_rule` WHERE  `name` = 'admin/News' LIMIT 1 [ RunTime:0.000524s ]
[ sql ] [ SQL ] SELECT * FROM `cms_rule` WHERE  `name` = 'admin/News/news' LIMIT 1 [ RunTime:0.000489s ]
[ sql ] [ SQL ] SHOW COLUMNS FROM `cms_group_access` [ RunTime:0.015916s ]
[ sql ] [ SQL ] SELECT * FROM `cms_group_access` `a` INNER JOIN `cms_group` `g` ON `a`.`group_id`=`g`.`id` WHERE  ( a.uid='1' and g.status='1' ) [ RunTime:0.000518s ]
[ sql ] [ SQL ] SELECT * FROM `cms_rule` WHERE  `type` = 1  AND `status` = 1  AND `id` IN (2,3,4,5,6,7,8,9,11,12,13,14,15,16,18,25,26,52,53,54,55,20,21,22,23,24,45,46,47,48,49,50,51,28,29,30,31,32,33,34,35,37,38,39,40,42,43,44,57,58,59,60) [ RunTime:0.000786s ]
[ sql ] [ SQL ] SHOW COLUMNS FROM `cms_news` [ RunTime:0.024372s ]
[ sql ] [ SQL ] SELECT COUNT(*) AS tp_count FROM `cms_news` LIMIT 1 [ RunTime:0.000375s ]
[ sql ] [ SQL ] SELECT * FROM `cms_news` ORDER BY `id` DESC LIMIT 0,15 [ RunTime:0.000419s ]
[ sql ] [ SQL ] SHOW COLUMNS FROM `cms_news_type` [ RunTime:0.016946s ]
[ sql ] [ SQL ] SELECT `news_type_name`,`id` FROM `cms_news_type` WHERE  `id` IN (5,6) [ RunTime:0.000565s ]
---------------------------------------------------------------
[ 2018-07-09T13:17:24+08:00 ] 127.0.0.1 GET 127.0.0.5/admin/database/database
[运行时间：0.343880s] [吞吐率：2.91req/s] [内存消耗：3,343.10kb] [文件加载：98]
[ info ] [ LANG ] E:\www-web\ThinkPHP_CMS\thinkphp\lang\zh-cn.php
[ info ] [ LANG ] E:\www-web\ThinkPHP_CMS\application\admin\\lang\zh-cn.php
[ info ] [ ROUTE ] array (
)
[ info ] [ HEADER ] array (
  'cookie' => 'bdshare_firstime=1530517018014; PHPSESSID=02quls083b3s59l4l35i7af3o0',
  'accept-language' => 'zh-CN,zh;q=0.9',
  'accept-encoding' => 'gzip, deflate, br',
  'referer' => 'http://127.0.0.5/admin/news/news',
  'accept' => 'text/html,application/xhtml+xml,application/xml;q=0.9,image/webp,image/apng,*/*;q=0.8',
  'user-agent' => 'Mozilla/5.0 (Windows NT 10.0; WOW64) AppleWebKit/537.36 (KHTML, like Gecko) Chrome/66.0.3359.139 Safari/537.36',
  'upgrade-insecure-requests' => '1',
  'connection' => 'close',
  'host' => '127.0.0.5',
)
[ info ] [ PARAM ] array (
  '/admin/database/database' => '',
)
[ info ] [ DB ] INIT mysql
[ info ] [ DB ] INIT mysql
[ info ] [ VIEW ] E:\www-web\ThinkPHP_CMS\application\admin\view\database\database.html [ array (
  0 => 'system',
  1 => 'controller_name',
  2 => 'action_name',
  3 => 'menu',
  4 => 'menu_arr',
  5 => 'rule_arr',
  6 => 'info',
  7 => 'display',
  8 => 'current',
) ]
[ sql ] [ DB ] CONNECT:[ UseTime:0.000963s ] mysql:host=127.0.0.1;dbname=thinkphp_cms;charset=utf8
[ sql ] [ SQL ] SHOW COLUMNS FROM `cms_system` [ RunTime:0.024297s ]
[ sql ] [ SQL ] SELECT * FROM `cms_system` LIMIT 1 [ RunTime:0.000446s ]
[ sql ] [ SQL ] SHOW COLUMNS FROM `cms_rule` [ RunTime:0.031977s ]
[ sql ] [ SQL ] SELECT * FROM `cms_rule` WHERE  `name` = 'admin/Database' LIMIT 1 [ RunTime:0.000461s ]
[ sql ] [ SQL ] SELECT * FROM `cms_rule` WHERE  `name` = 'admin/Database/database' LIMIT 1 [ RunTime:0.000595s ]
[ sql ] [ SQL ] SHOW COLUMNS FROM `cms_group_access` [ RunTime:0.032927s ]
[ sql ] [ SQL ] SELECT * FROM `cms_group_access` `a` INNER JOIN `cms_group` `g` ON `a`.`group_id`=`g`.`id` WHERE  ( a.uid='1' and g.status='1' ) [ RunTime:0.000616s ]
[ sql ] [ SQL ] SELECT * FROM `cms_rule` WHERE  `type` = 1  AND `status` = 1  AND `id` IN (2,3,4,5,6,7,8,9,11,12,13,14,15,16,18,25,26,52,53,54,55,20,21,22,23,24,45,46,47,48,49,50,51,28,29,30,31,32,33,34,35,37,38,39,40,42,43,44,57,58,59,60) [ RunTime:0.000667s ]
[ sql ] [ DB ] CONNECT:[ UseTime:0.000776s ] mysql:host=127.0.0.1;dbname=thinkphp_cms;charset=utf8
[ sql ] [ SQL ] SHOW TABLE STATUS [ RunTime:0.150162s ]
---------------------------------------------------------------
[ 2018-07-09T13:17:24+08:00 ] 127.0.0.1 GET 127.0.0.5/admin/database/reduction
[运行时间：0.138411s] [吞吐率：7.22req/s] [内存消耗：3,303.97kb] [文件加载：99]
[ info ] [ LANG ] E:\www-web\ThinkPHP_CMS\thinkphp\lang\zh-cn.php
[ info ] [ LANG ] E:\www-web\ThinkPHP_CMS\application\admin\\lang\zh-cn.php
[ info ] [ ROUTE ] array (
)
[ info ] [ HEADER ] array (
  'cookie' => 'bdshare_firstime=1530517018014; PHPSESSID=02quls083b3s59l4l35i7af3o0',
  'accept-language' => 'zh-CN,zh;q=0.9',
  'accept-encoding' => 'gzip, deflate, br',
  'referer' => 'http://127.0.0.5/admin/database/database',
  'accept' => 'text/html,application/xhtml+xml,application/xml;q=0.9,image/webp,image/apng,*/*;q=0.8',
  'user-agent' => 'Mozilla/5.0 (Windows NT 10.0; WOW64) AppleWebKit/537.36 (KHTML, like Gecko) Chrome/66.0.3359.139 Safari/537.36',
  'upgrade-insecure-requests' => '1',
  'connection' => 'close',
  'host' => '127.0.0.5',
)
[ info ] [ PARAM ] array (
  '/admin/database/reduction' => '',
)
[ info ] [ DB ] INIT mysql
[ info ] [ VIEW ] E:\www-web\ThinkPHP_CMS\application\admin\view\database\reduction.html [ array (
  0 => 'system',
  1 => 'controller_name',
  2 => 'action_name',
  3 => 'menu',
  4 => 'menu_arr',
  5 => 'rule_arr',
  6 => 'info',
  7 => 'display',
  8 => 'current',
) ]
[ sql ] [ DB ] CONNECT:[ UseTime:0.001829s ] mysql:host=127.0.0.1;dbname=thinkphp_cms;charset=utf8
[ sql ] [ SQL ] SHOW COLUMNS FROM `cms_system` [ RunTime:0.018259s ]
[ sql ] [ SQL ] SELECT * FROM `cms_system` LIMIT 1 [ RunTime:0.000453s ]
[ sql ] [ SQL ] SHOW COLUMNS FROM `cms_rule` [ RunTime:0.017652s ]
[ sql ] [ SQL ] SELECT * FROM `cms_rule` WHERE  `name` = 'admin/Database' LIMIT 1 [ RunTime:0.000616s ]
[ sql ] [ SQL ] SELECT * FROM `cms_rule` WHERE  `name` = 'admin/Database/reduction' LIMIT 1 [ RunTime:0.000380s ]
[ sql ] [ SQL ] SHOW COLUMNS FROM `cms_group_access` [ RunTime:0.016134s ]
[ sql ] [ SQL ] SELECT * FROM `cms_group_access` `a` INNER JOIN `cms_group` `g` ON `a`.`group_id`=`g`.`id` WHERE  ( a.uid='1' and g.status='1' ) [ RunTime:0.000454s ]
[ sql ] [ SQL ] SELECT * FROM `cms_rule` WHERE  `type` = 1  AND `status` = 1  AND `id` IN (2,3,4,5,6,7,8,9,11,12,13,14,15,16,18,25,26,52,53,54,55,20,21,22,23,24,45,46,47,48,49,50,51,28,29,30,31,32,33,34,35,37,38,39,40,42,43,44,57,58,59,60) [ RunTime:0.000667s ]
---------------------------------------------------------------
[ 2018-07-09T13:17:27+08:00 ] 127.0.0.1 GET 127.0.0.5/admin/system/config
[运行时间：0.212497s] [吞吐率：4.71req/s] [内存消耗：3,180.59kb] [文件加载：98]
[ info ] [ LANG ] E:\www-web\ThinkPHP_CMS\thinkphp\lang\zh-cn.php
[ info ] [ LANG ] E:\www-web\ThinkPHP_CMS\application\admin\\lang\zh-cn.php
[ info ] [ ROUTE ] array (
)
[ info ] [ HEADER ] array (
  'cookie' => 'bdshare_firstime=1530517018014; PHPSESSID=02quls083b3s59l4l35i7af3o0',
  'accept-language' => 'zh-CN,zh;q=0.9',
  'accept-encoding' => 'gzip, deflate, br',
  'referer' => 'http://127.0.0.5/admin/database/reduction',
  'accept' => 'text/html,application/xhtml+xml,application/xml;q=0.9,image/webp,image/apng,*/*;q=0.8',
  'user-agent' => 'Mozilla/5.0 (Windows NT 10.0; WOW64) AppleWebKit/537.36 (KHTML, like Gecko) Chrome/66.0.3359.139 Safari/537.36',
  'upgrade-insecure-requests' => '1',
  'connection' => 'close',
  'host' => '127.0.0.5',
)
[ info ] [ PARAM ] array (
  '/admin/system/config' => '',
)
[ info ] [ DB ] INIT mysql
[ info ] [ VIEW ] E:\www-web\ThinkPHP_CMS\application\admin\view\system\config.html [ array (
  0 => 'system',
  1 => 'controller_name',
  2 => 'action_name',
  3 => 'menu',
  4 => 'menu_arr',
  5 => 'rule_arr',
  6 => 'info',
  7 => 'display',
  8 => 'current',
) ]
[ sql ] [ DB ] CONNECT:[ UseTime:0.001200s ] mysql:host=127.0.0.1;dbname=thinkphp_cms;charset=utf8
[ sql ] [ SQL ] SHOW COLUMNS FROM `cms_system` [ RunTime:0.024103s ]
[ sql ] [ SQL ] SELECT * FROM `cms_system` LIMIT 1 [ RunTime:0.002550s ]
[ sql ] [ SQL ] SHOW COLUMNS FROM `cms_rule` [ RunTime:0.026184s ]
[ sql ] [ SQL ] SELECT * FROM `cms_rule` WHERE  `name` = 'admin/System' LIMIT 1 [ RunTime:0.000837s ]
[ sql ] [ SQL ] SELECT * FROM `cms_rule` WHERE  `name` = 'admin/System/config' LIMIT 1 [ RunTime:0.002374s ]
[ sql ] [ SQL ] SHOW COLUMNS FROM `cms_group_access` [ RunTime:0.032228s ]
[ sql ] [ SQL ] SELECT * FROM `cms_group_access` `a` INNER JOIN `cms_group` `g` ON `a`.`group_id`=`g`.`id` WHERE  ( a.uid='1' and g.status='1' ) [ RunTime:0.000560s ]
[ sql ] [ SQL ] SELECT * FROM `cms_rule` WHERE  `type` = 1  AND `status` = 1  AND `id` IN (2,3,4,5,6,7,8,9,11,12,13,14,15,16,18,25,26,52,53,54,55,20,21,22,23,24,45,46,47,48,49,50,51,28,29,30,31,32,33,34,35,37,38,39,40,42,43,44,57,58,59,60) [ RunTime:0.000742s ]
[ sql ] [ SQL ] SELECT * FROM `cms_system` LIMIT 1 [ RunTime:0.000471s ]
---------------------------------------------------------------
[ 2018-07-09T13:17:28+08:00 ] 127.0.0.1 GET 127.0.0.5/admin/system/logs
[运行时间：0.149652s] [吞吐率：6.68req/s] [内存消耗：3,314.49kb] [文件加载：101]
[ info ] [ LANG ] E:\www-web\ThinkPHP_CMS\thinkphp\lang\zh-cn.php
[ info ] [ LANG ] E:\www-web\ThinkPHP_CMS\application\admin\\lang\zh-cn.php
[ info ] [ ROUTE ] array (
)
[ info ] [ HEADER ] array (
  'cookie' => 'bdshare_firstime=1530517018014; PHPSESSID=02quls083b3s59l4l35i7af3o0',
  'accept-language' => 'zh-CN,zh;q=0.9',
  'accept-encoding' => 'gzip, deflate, br',
  'referer' => 'http://127.0.0.5/admin/system/config',
  'accept' => 'text/html,application/xhtml+xml,application/xml;q=0.9,image/webp,image/apng,*/*;q=0.8',
  'user-agent' => 'Mozilla/5.0 (Windows NT 10.0; WOW64) AppleWebKit/537.36 (KHTML, like Gecko) Chrome/66.0.3359.139 Safari/537.36',
  'upgrade-insecure-requests' => '1',
  'connection' => 'close',
  'host' => '127.0.0.5',
)
[ info ] [ PARAM ] array (
  '/admin/system/logs' => '',
)
[ info ] [ DB ] INIT mysql
[ info ] [ VIEW ] E:\www-web\ThinkPHP_CMS\application\admin\view\system\logs.html [ array (
  0 => 'system',
  1 => 'controller_name',
  2 => 'action_name',
  3 => 'menu',
  4 => 'menu_arr',
  5 => 'rule_arr',
  6 => 'info',
  7 => 'display',
  8 => 'current',
) ]
[ sql ] [ DB ] CONNECT:[ UseTime:0.001032s ] mysql:host=127.0.0.1;dbname=thinkphp_cms;charset=utf8
[ sql ] [ SQL ] SHOW COLUMNS FROM `cms_system` [ RunTime:0.016230s ]
[ sql ] [ SQL ] SELECT * FROM `cms_system` LIMIT 1 [ RunTime:0.000446s ]
[ sql ] [ SQL ] SHOW COLUMNS FROM `cms_rule` [ RunTime:0.018271s ]
[ sql ] [ SQL ] SELECT * FROM `cms_rule` WHERE  `name` = 'admin/System' LIMIT 1 [ RunTime:0.000508s ]
[ sql ] [ SQL ] SELECT * FROM `cms_rule` WHERE  `name` = 'admin/System/logs' LIMIT 1 [ RunTime:0.000396s ]
[ sql ] [ SQL ] SHOW COLUMNS FROM `cms_group_access` [ RunTime:0.016088s ]
[ sql ] [ SQL ] SELECT * FROM `cms_group_access` `a` INNER JOIN `cms_group` `g` ON `a`.`group_id`=`g`.`id` WHERE  ( a.uid='1' and g.status='1' ) [ RunTime:0.000447s ]
[ sql ] [ SQL ] SELECT * FROM `cms_rule` WHERE  `type` = 1  AND `status` = 1  AND `id` IN (2,3,4,5,6,7,8,9,11,12,13,14,15,16,18,25,26,52,53,54,55,20,21,22,23,24,45,46,47,48,49,50,51,28,29,30,31,32,33,34,35,37,38,39,40,42,43,44,57,58,59,60) [ RunTime:0.000670s ]
[ sql ] [ SQL ] SHOW COLUMNS FROM `cms_log` [ RunTime:0.015801s ]
[ sql ] [ SQL ] SELECT COUNT(*) AS tp_count FROM `cms_log` LIMIT 1 [ RunTime:0.000401s ]
[ sql ] [ SQL ] SELECT * FROM `cms_log` ORDER BY `id` DESC LIMIT 0,15 [ RunTime:0.000413s ]
---------------------------------------------------------------
[ 2018-07-09T13:17:29+08:00 ] 127.0.0.1 GET 127.0.0.5/admin/system/field_type
[运行时间：0.149724s] [吞吐率：6.68req/s] [内存消耗：3,274.32kb] [文件加载：101]
[ info ] [ LANG ] E:\www-web\ThinkPHP_CMS\thinkphp\lang\zh-cn.php
[ info ] [ LANG ] E:\www-web\ThinkPHP_CMS\application\admin\\lang\zh-cn.php
[ info ] [ ROUTE ] array (
)
[ info ] [ HEADER ] array (
  'cookie' => 'bdshare_firstime=1530517018014; PHPSESSID=02quls083b3s59l4l35i7af3o0',
  'accept-language' => 'zh-CN,zh;q=0.9',
  'accept-encoding' => 'gzip, deflate, br',
  'referer' => 'http://127.0.0.5/admin/system/logs',
  'accept' => 'text/html,application/xhtml+xml,application/xml;q=0.9,image/webp,image/apng,*/*;q=0.8',
  'user-agent' => 'Mozilla/5.0 (Windows NT 10.0; WOW64) AppleWebKit/537.36 (KHTML, like Gecko) Chrome/66.0.3359.139 Safari/537.36',
  'upgrade-insecure-requests' => '1',
  'connection' => 'close',
  'host' => '127.0.0.5',
)
[ info ] [ PARAM ] array (
  '/admin/system/field_type' => '',
)
[ info ] [ DB ] INIT mysql
[ info ] [ VIEW ] E:\www-web\ThinkPHP_CMS\application\admin\view\system\field_type.html [ array (
  0 => 'system',
  1 => 'controller_name',
  2 => 'action_name',
  3 => 'menu',
  4 => 'menu_arr',
  5 => 'rule_arr',
  6 => 'info',
  7 => 'display',
  8 => 'current',
) ]
[ sql ] [ DB ] CONNECT:[ UseTime:0.000856s ] mysql:host=127.0.0.1;dbname=thinkphp_cms;charset=utf8
[ sql ] [ SQL ] SHOW COLUMNS FROM `cms_system` [ RunTime:0.016750s ]
[ sql ] [ SQL ] SELECT * FROM `cms_system` LIMIT 1 [ RunTime:0.000429s ]
[ sql ] [ SQL ] SHOW COLUMNS FROM `cms_rule` [ RunTime:0.018184s ]
[ sql ] [ SQL ] SELECT * FROM `cms_rule` WHERE  `name` = 'admin/System' LIMIT 1 [ RunTime:0.000509s ]
[ sql ] [ SQL ] SELECT * FROM `cms_rule` WHERE  `name` = 'admin/System/field_type' LIMIT 1 [ RunTime:0.000444s ]
[ sql ] [ SQL ] SHOW COLUMNS FROM `cms_group_access` [ RunTime:0.016052s ]
[ sql ] [ SQL ] SELECT * FROM `cms_group_access` `a` INNER JOIN `cms_group` `g` ON `a`.`group_id`=`g`.`id` WHERE  ( a.uid='1' and g.status='1' ) [ RunTime:0.000459s ]
[ sql ] [ SQL ] SELECT * FROM `cms_rule` WHERE  `type` = 1  AND `status` = 1  AND `id` IN (2,3,4,5,6,7,8,9,11,12,13,14,15,16,18,25,26,52,53,54,55,20,21,22,23,24,45,46,47,48,49,50,51,28,29,30,31,32,33,34,35,37,38,39,40,42,43,44,57,58,59,60) [ RunTime:0.000695s ]
[ sql ] [ SQL ] SHOW COLUMNS FROM `cms_field_config` [ RunTime:0.015714s ]
[ sql ] [ SQL ] SELECT COUNT(*) AS tp_count FROM `cms_field_config` LIMIT 1 [ RunTime:0.000377s ]
[ sql ] [ SQL ] SELECT * FROM `cms_field_config` ORDER BY `id` DESC LIMIT 0,15 [ RunTime:0.000302s ]
